#
# There is insufficient memory for the Java Runtime Environment to continue.
# Native memory allocation (malloc) failed to allocate 1117056 bytes for Chunk::new
# Possible reasons:
#   The system is out of physical RAM or swap space
#   The process is running with CompressedOops enabled, and the Java Heap may be blocking the growth of the native heap
# Possible solutions:
#   Reduce memory load on the system
#   Increase physical memory or swap space
#   Check if swap backing store is full
#   Decrease Java heap size (-Xmx/-Xms)
#   Decrease number of Java threads
#   Decrease Java thread stack sizes (-Xss)
#   Set larger code cache with -XX:ReservedCodeCacheSize=
#   JVM is running with Unscaled Compressed Oops mode in which the Java heap is
#     placed in the first 4GB address space. The Java Heap base address is the
#     maximum limit for the native heap growth. Please use -XX:HeapBaseMinAddress
#     to set the Java Heap base and to place the Java Heap above 4GB virtual address.
# This output file may be truncated or incomplete.
#
#  Out of Memory Error (./open/src/hotspot/share/memory/arena.cpp:197), pid=62860, tid=65432
#
# JRE version: Java(TM) SE Runtime Environment 18.9 (11.0.16+11) (build 11.0.16+11-LTS-199)
# Java VM: Java HotSpot(TM) 64-Bit Server VM 18.9 (11.0.16+11-LTS-199, mixed mode, tiered, compressed oops, g1 gc, windows-amd64)
# No core dump will be written. Minidumps are not enabled by default on client versions of Windows
#

---------------  S U M M A R Y ------------

Command Line: -javaagent:C:\Program Files\JetBrains\IntelliJ IDEA Community Edition 2022.2.1\lib\idea_rt.jar=62786:C:\Program Files\JetBrains\IntelliJ IDEA Community Edition 2022.2.1\bin -Dfile.encoding=UTF-8 com.eureka.app.gateway.GatwayApplication

Host: Intel(R) Xeon(R) Platinum 8272CL CPU @ 2.60GHz, 2 cores, 7G,  Windows 10 , 64 bit Build 19041 (10.0.19041.2251)
Time: Thu Dec  8 13:14:31 2022 Coordinated Universal Time elapsed time: 9148.203392 seconds (0d 2h 32m 28s)

---------------  T H R E A D  ---------------

Current thread (0x000002147e89c800):  JavaThread "C2 CompilerThread0" daemon [_thread_in_native, id=65432, stack(0x0000005b79900000,0x0000005b79a00000)]


Current CompileTask:
C2:9148203 10828       4       org.springframework.core.BridgeMethodResolver::findBridgedMethod (117 bytes)

Stack: [0x0000005b79900000,0x0000005b79a00000]
Native frames: (J=compiled Java code, j=interpreted, Vv=VM code, C=native code)
V  [jvm.dll+0x62a3ea]
V  [jvm.dll+0x76418f]
V  [jvm.dll+0x765839]
V  [jvm.dll+0x765ec3]
V  [jvm.dll+0x23da98]
V  [jvm.dll+0xb2a1c]
V  [jvm.dll+0xb2fdc]
V  [jvm.dll+0x2ae814]
V  [jvm.dll+0x53d97b]
V  [jvm.dll+0x1f9ff7]
V  [jvm.dll+0x1f756d]
V  [jvm.dll+0x177c81]
V  [jvm.dll+0x207006]
V  [jvm.dll+0x20519b]
V  [jvm.dll+0x729fa0]
V  [jvm.dll+0x722b74]
V  [jvm.dll+0x629286]
C  [ucrtbase.dll+0x21bb2]
C  [KERNEL32.DLL+0x174b4]
C  [ntdll.dll+0x526a1]


---------------  P R O C E S S  ---------------

Threads class SMR info:
_java_thread_list=0x0000021405d693e0, length=34, elements={
0x000002147e87a000, 0x000002147e87b000, 0x000002147f212800, 0x000002147e897000,
0x000002147e898800, 0x000002147e89c800, 0x000002147e8a3800, 0x000002147e8a8000,
0x000002147e816800, 0x000002147f594000, 0x0000021404e5b000, 0x00000214065ea800,
0x0000021404acd800, 0x0000021404c11800, 0x000002140500c800, 0x00000214058f4800,
0x00000214057e7800, 0x00000214057e6000, 0x00000214057e5000, 0x00000214057e6800,
0x00000214058c8000, 0x00000214058c9800, 0x00000214058c4800, 0x00000214058c8800,
0x00000214058cb000, 0x00000214058ca000, 0x00000214058c5800, 0x00000214058cc000,
0x00000214058c6000, 0x00000214058cc800, 0x00000214058c7000, 0x00000214058cf000,
0x00000214058d3000, 0x00000214058cd800
}

Java Threads: ( => current thread )
  0x000002147e87a000 JavaThread "Reference Handler" daemon [_thread_blocked, id=59620, stack(0x0000005b79400000,0x0000005b79500000)]
  0x000002147e87b000 JavaThread "Finalizer" daemon [_thread_blocked, id=35964, stack(0x0000005b79500000,0x0000005b79600000)]
  0x000002147f212800 JavaThread "Signal Dispatcher" daemon [_thread_blocked, id=60164, stack(0x0000005b79600000,0x0000005b79700000)]
  0x000002147e897000 JavaThread "Attach Listener" daemon [_thread_blocked, id=64260, stack(0x0000005b79700000,0x0000005b79800000)]
  0x000002147e898800 JavaThread "Service Thread" daemon [_thread_blocked, id=64348, stack(0x0000005b79800000,0x0000005b79900000)]
=>0x000002147e89c800 JavaThread "C2 CompilerThread0" daemon [_thread_in_native, id=65432, stack(0x0000005b79900000,0x0000005b79a00000)]
  0x000002147e8a3800 JavaThread "C1 CompilerThread0" daemon [_thread_blocked, id=65384, stack(0x0000005b79a00000,0x0000005b79b00000)]
  0x000002147e8a8000 JavaThread "Sweeper thread" daemon [_thread_blocked, id=63392, stack(0x0000005b79b00000,0x0000005b79c00000)]
  0x000002147e816800 JavaThread "Common-Cleaner" daemon [_thread_blocked, id=62704, stack(0x0000005b79c00000,0x0000005b79d00000)]
  0x000002147f594000 JavaThread "Monitor Ctrl-Break" daemon [_thread_in_native, id=63028, stack(0x0000005b79e00000,0x0000005b79f00000)]
  0x0000021404e5b000 JavaThread "Catalina-utility-1" [_thread_blocked, id=64720, stack(0x0000005b7a000000,0x0000005b7a100000)]
  0x00000214065ea800 JavaThread "Catalina-utility-2" [_thread_blocked, id=1056, stack(0x0000005b7a100000,0x0000005b7a200000)]
  0x0000021404acd800 JavaThread "container-0" [_thread_blocked, id=63468, stack(0x0000005b7a200000,0x0000005b7a300000)]
  0x0000021404c11800 JavaThread "spring.cloud.inetutils" daemon [_thread_blocked, id=63904, stack(0x0000005b7a300000,0x0000005b7a400000)]
  0x000002140500c800 JavaThread "AsyncResolver-bootstrap-0" daemon [_thread_blocked, id=64388, stack(0x0000005b7a400000,0x0000005b7a500000)]
  0x00000214058f4800 JavaThread "DiscoveryClient-0" daemon [_thread_blocked, id=61532, stack(0x0000005b7a500000,0x0000005b7a600000)]
  0x00000214057e7800 JavaThread "DiscoveryClient-1" daemon [_thread_blocked, id=62596, stack(0x0000005b7a600000,0x0000005b7a700000)]
  0x00000214057e6000 JavaThread "DiscoveryClient-InstanceInfoReplicator-0" daemon [_thread_blocked, id=65392, stack(0x0000005b7a700000,0x0000005b7a800000)]
  0x00000214057e5000 JavaThread "http-nio-9091-exec-1" daemon [_thread_blocked, id=64028, stack(0x0000005b7a800000,0x0000005b7a900000)]
  0x00000214057e6800 JavaThread "http-nio-9091-exec-2" daemon [_thread_blocked, id=63948, stack(0x0000005b7a900000,0x0000005b7aa00000)]
  0x00000214058c8000 JavaThread "http-nio-9091-exec-3" daemon [_thread_blocked, id=65068, stack(0x0000005b7aa00000,0x0000005b7ab00000)]
  0x00000214058c9800 JavaThread "http-nio-9091-exec-4" daemon [_thread_blocked, id=62916, stack(0x0000005b7ab00000,0x0000005b7ac00000)]
  0x00000214058c4800 JavaThread "http-nio-9091-exec-5" daemon [_thread_blocked, id=56492, stack(0x0000005b7ac00000,0x0000005b7ad00000)]
  0x00000214058c8800 JavaThread "http-nio-9091-exec-6" daemon [_thread_blocked, id=63140, stack(0x0000005b7ad00000,0x0000005b7ae00000)]
  0x00000214058cb000 JavaThread "http-nio-9091-exec-7" daemon [_thread_blocked, id=63400, stack(0x0000005b7ae00000,0x0000005b7af00000)]
  0x00000214058ca000 JavaThread "http-nio-9091-exec-8" daemon [_thread_blocked, id=64064, stack(0x0000005b7af00000,0x0000005b7b000000)]
  0x00000214058c5800 JavaThread "http-nio-9091-exec-9" daemon [_thread_blocked, id=41432, stack(0x0000005b7b000000,0x0000005b7b100000)]
  0x00000214058cc000 JavaThread "http-nio-9091-exec-10" daemon [_thread_blocked, id=40536, stack(0x0000005b7b100000,0x0000005b7b200000)]
  0x00000214058c6000 JavaThread "http-nio-9091-Poller" daemon [_thread_in_native, id=62468, stack(0x0000005b7b200000,0x0000005b7b300000)]
  0x00000214058cc800 JavaThread "http-nio-9091-Acceptor" daemon [_thread_in_native, id=63712, stack(0x0000005b7b300000,0x0000005b7b400000)]
  0x00000214058c7000 JavaThread "DiscoveryClient-HeartbeatExecutor-0" daemon [_thread_blocked, id=63680, stack(0x0000005b7b400000,0x0000005b7b500000)]
  0x00000214058cf000 JavaThread "DestroyJavaVM" [_thread_blocked, id=65348, stack(0x0000005b78d00000,0x0000005b78e00000)]
  0x00000214058d3000 JavaThread "DiscoveryClient-CacheRefreshExecutor-0" daemon [_thread_blocked, id=64076, stack(0x0000005b7b700000,0x0000005b7b800000)]
  0x00000214058cd800 JavaThread "AsyncResolver-bootstrap-executor-0" daemon [_thread_blocked, id=8852, stack(0x0000005b7b500000,0x0000005b7b600000)]

Other Threads:
  0x000002147e877800 VMThread "VM Thread" [stack: 0x0000005b79300000,0x0000005b79400000] [id=62508]
  0x000002147f7a9000 WatcherThread [stack: 0x0000005b79f00000,0x0000005b7a000000] [id=62612]
  0x000002146361a800 GCTaskThread "GC Thread#0" [stack: 0x0000005b78e00000,0x0000005b78f00000] [id=63664]
  0x000002147f78d800 GCTaskThread "GC Thread#1" [stack: 0x0000005b79d00000,0x0000005b79e00000] [id=64520]
  0x0000021463649800 ConcurrentGCThread "G1 Main Marker" [stack: 0x0000005b78f00000,0x0000005b79000000] [id=63064]
  0x000002146364c000 ConcurrentGCThread "G1 Conc#0" [stack: 0x0000005b79000000,0x0000005b79100000] [id=65456]
  0x00000214636d3800 ConcurrentGCThread "G1 Refine#0" [stack: 0x0000005b79100000,0x0000005b79200000] [id=65100]
  0x00000214636d5000 ConcurrentGCThread "G1 Young RemSet Sampling" [stack: 0x0000005b79200000,0x0000005b79300000] [id=63572]

Threads with active compile tasks:
C2 CompilerThread0  9148230 10828       4       org.springframework.core.BridgeMethodResolver::findBridgedMethod (117 bytes)

VM state:not at safepoint (normal execution)

VM Mutex/Monitor currently owned by a thread: None

Heap address: 0x0000000080000000, size: 2048 MB, Compressed Oops mode: 32-bit
Narrow klass base: 0x0000000000000000, Narrow klass shift: 3
Compressed class space size: 1073741824 Address: 0x0000000100000000

Heap:
 garbage-first heap   total 189440K, used 126638K [0x0000000080000000, 0x0000000100000000)
  region size 1024K, 96 young (98304K), 1 survivors (1024K)
 Metaspace       used 59329K, capacity 61151K, committed 61228K, reserved 1103872K
  class space    used 7026K, capacity 7792K, committed 7808K, reserved 1048576K
Heap Regions: E=young(eden), S=young(survivor), O=old, HS=humongous(starts), HC=humongous(continues), CS=collection set, F=free, A=archive, TAMS=top-at-mark-start (previous, next)
|   0|0x0000000080000000, 0x0000000080100000, 0x0000000080100000|100%| O|  |TAMS 0x0000000080100000, 0x0000000080000000| Untracked 
|   1|0x0000000080100000, 0x0000000080200000, 0x0000000080200000|100%| O|  |TAMS 0x0000000080200000, 0x0000000080100000| Untracked 
|   2|0x0000000080200000, 0x0000000080300000, 0x0000000080300000|100%| O|  |TAMS 0x0000000080300000, 0x0000000080200000| Untracked 
|   3|0x0000000080300000, 0x0000000080400000, 0x0000000080400000|100%| O|  |TAMS 0x0000000080400000, 0x0000000080300000| Untracked 
|   4|0x0000000080400000, 0x0000000080500000, 0x0000000080500000|100%| O|  |TAMS 0x0000000080500000, 0x0000000080400000| Untracked 
|   5|0x0000000080500000, 0x0000000080600000, 0x0000000080600000|100%| O|  |TAMS 0x0000000080600000, 0x0000000080500000| Untracked 
|   6|0x0000000080600000, 0x0000000080700000, 0x0000000080700000|100%| O|  |TAMS 0x0000000080700000, 0x0000000080600000| Untracked 
|   7|0x0000000080700000, 0x0000000080800000, 0x0000000080800000|100%| O|  |TAMS 0x0000000080800000, 0x0000000080700000| Untracked 
|   8|0x0000000080800000, 0x0000000080900000, 0x0000000080900000|100%| O|  |TAMS 0x0000000080900000, 0x0000000080800000| Untracked 
|   9|0x0000000080900000, 0x0000000080a00000, 0x0000000080a00000|100%| O|  |TAMS 0x0000000080a00000, 0x0000000080900000| Untracked 
|  10|0x0000000080a00000, 0x0000000080b00000, 0x0000000080b00000|100%| O|  |TAMS 0x0000000080b00000, 0x0000000080a00000| Untracked 
|  11|0x0000000080b00000, 0x0000000080c00000, 0x0000000080c00000|100%| O|  |TAMS 0x0000000080c00000, 0x0000000080b00000| Untracked 
|  12|0x0000000080c00000, 0x0000000080d00000, 0x0000000080d00000|100%| O|  |TAMS 0x0000000080d00000, 0x0000000080c00000| Untracked 
|  13|0x0000000080d00000, 0x0000000080e00000, 0x0000000080e00000|100%| O|  |TAMS 0x0000000080e00000, 0x0000000080d00000| Untracked 
|  14|0x0000000080e00000, 0x0000000080f00000, 0x0000000080f00000|100%| O|  |TAMS 0x0000000080f00000, 0x0000000080e00000| Untracked 
|  15|0x0000000080f00000, 0x0000000081000000, 0x0000000081000000|100%| O|  |TAMS 0x0000000081000000, 0x0000000080f00000| Untracked 
|  16|0x0000000081000000, 0x0000000081100000, 0x0000000081100000|100%| O|  |TAMS 0x0000000081100000, 0x0000000081000000| Untracked 
|  17|0x0000000081100000, 0x0000000081200000, 0x0000000081200000|100%| O|  |TAMS 0x0000000081200000, 0x0000000081100000| Untracked 
|  18|0x0000000081200000, 0x0000000081300000, 0x0000000081300000|100%| O|  |TAMS 0x0000000081300000, 0x0000000081200000| Untracked 
|  19|0x0000000081300000, 0x0000000081400000, 0x0000000081400000|100%| O|  |TAMS 0x0000000081400000, 0x0000000081300000| Untracked 
|  20|0x0000000081400000, 0x0000000081500000, 0x0000000081500000|100%| O|  |TAMS 0x0000000081500000, 0x0000000081400000| Untracked 
|  21|0x0000000081500000, 0x0000000081600000, 0x0000000081600000|100%| O|  |TAMS 0x0000000081600000, 0x0000000081500000| Untracked 
|  22|0x0000000081600000, 0x0000000081700000, 0x0000000081700000|100%| O|  |TAMS 0x0000000081700000, 0x0000000081600000| Untracked 
|  23|0x0000000081700000, 0x0000000081800000, 0x0000000081800000|100%| O|  |TAMS 0x0000000081700000, 0x0000000081700000| Untracked 
|  24|0x0000000081800000, 0x0000000081900000, 0x0000000081900000|100%| O|  |TAMS 0x0000000081800000, 0x0000000081800000| Untracked 
|  25|0x0000000081900000, 0x0000000081a00000, 0x0000000081a00000|100%| O|  |TAMS 0x0000000081900000, 0x0000000081900000| Untracked 
|  26|0x0000000081a00000, 0x0000000081b00000, 0x0000000081b00000|100%| O|  |TAMS 0x0000000081a00000, 0x0000000081a00000| Untracked 
|  27|0x0000000081b00000, 0x0000000081c00000, 0x0000000081c00000|100%| O|  |TAMS 0x0000000081b00000, 0x0000000081b00000| Untracked 
|  28|0x0000000081c00000, 0x0000000081d00000, 0x0000000081d00000|100%| O|  |TAMS 0x0000000081c00000, 0x0000000081c00000| Untracked 
|  29|0x0000000081d00000, 0x0000000081e00000, 0x0000000081e00000|100%| O|  |TAMS 0x0000000081d00000, 0x0000000081d00000| Untracked 
|  30|0x0000000081e00000, 0x0000000081e00000, 0x0000000081f00000|  0%| F|  |TAMS 0x0000000081e00000, 0x0000000081e00000| Untracked 
|  31|0x0000000081f00000, 0x0000000081f00000, 0x0000000082000000|  0%| F|  |TAMS 0x0000000081f00000, 0x0000000081f00000| Untracked 
|  32|0x0000000082000000, 0x0000000082000000, 0x0000000082100000|  0%| F|  |TAMS 0x0000000082000000, 0x0000000082000000| Untracked 
|  33|0x0000000082100000, 0x0000000082100000, 0x0000000082200000|  0%| F|  |TAMS 0x0000000082100000, 0x0000000082100000| Untracked 
|  34|0x0000000082200000, 0x0000000082200000, 0x0000000082300000|  0%| F|  |TAMS 0x0000000082200000, 0x0000000082200000| Untracked 
|  35|0x0000000082300000, 0x0000000082300000, 0x0000000082400000|  0%| F|  |TAMS 0x0000000082300000, 0x0000000082300000| Untracked 
|  36|0x0000000082400000, 0x0000000082400000, 0x0000000082500000|  0%| F|  |TAMS 0x0000000082400000, 0x0000000082400000| Untracked 
|  37|0x0000000082500000, 0x0000000082500000, 0x0000000082600000|  0%| F|  |TAMS 0x0000000082500000, 0x0000000082500000| Untracked 
|  38|0x0000000082600000, 0x0000000082600000, 0x0000000082700000|  0%| F|  |TAMS 0x0000000082600000, 0x0000000082600000| Untracked 
|  39|0x0000000082700000, 0x0000000082700000, 0x0000000082800000|  0%| F|  |TAMS 0x0000000082700000, 0x0000000082700000| Untracked 
|  40|0x0000000082800000, 0x0000000082800000, 0x0000000082900000|  0%| F|  |TAMS 0x0000000082800000, 0x0000000082800000| Untracked 
|  41|0x0000000082900000, 0x0000000082900000, 0x0000000082a00000|  0%| F|  |TAMS 0x0000000082900000, 0x0000000082900000| Untracked 
|  42|0x0000000082a00000, 0x0000000082a00000, 0x0000000082b00000|  0%| F|  |TAMS 0x0000000082a00000, 0x0000000082a00000| Untracked 
|  43|0x0000000082b00000, 0x0000000082b00000, 0x0000000082c00000|  0%| F|  |TAMS 0x0000000082b00000, 0x0000000082b00000| Untracked 
|  44|0x0000000082c00000, 0x0000000082c00000, 0x0000000082d00000|  0%| F|  |TAMS 0x0000000082c00000, 0x0000000082c00000| Untracked 
|  45|0x0000000082d00000, 0x0000000082d00000, 0x0000000082e00000|  0%| F|  |TAMS 0x0000000082d00000, 0x0000000082d00000| Untracked 
|  46|0x0000000082e00000, 0x0000000082e00000, 0x0000000082f00000|  0%| F|  |TAMS 0x0000000082e00000, 0x0000000082e00000| Untracked 
|  47|0x0000000082f00000, 0x0000000082f00000, 0x0000000083000000|  0%| F|  |TAMS 0x0000000082f00000, 0x0000000082f00000| Untracked 
|  48|0x0000000083000000, 0x0000000083000000, 0x0000000083100000|  0%| F|  |TAMS 0x0000000083000000, 0x0000000083000000| Untracked 
|  49|0x0000000083100000, 0x0000000083100000, 0x0000000083200000|  0%| F|  |TAMS 0x0000000083100000, 0x0000000083100000| Untracked 
|  50|0x0000000083200000, 0x0000000083200000, 0x0000000083300000|  0%| F|  |TAMS 0x0000000083200000, 0x0000000083200000| Untracked 
|  51|0x0000000083300000, 0x0000000083300000, 0x0000000083400000|  0%| F|  |TAMS 0x0000000083300000, 0x0000000083300000| Untracked 
|  52|0x0000000083400000, 0x0000000083400000, 0x0000000083500000|  0%| F|  |TAMS 0x0000000083400000, 0x0000000083400000| Untracked 
|  53|0x0000000083500000, 0x0000000083500000, 0x0000000083600000|  0%| F|  |TAMS 0x0000000083500000, 0x0000000083500000| Untracked 
|  54|0x0000000083600000, 0x0000000083600000, 0x0000000083700000|  0%| F|  |TAMS 0x0000000083600000, 0x0000000083600000| Untracked 
|  55|0x0000000083700000, 0x0000000083700000, 0x0000000083800000|  0%| F|  |TAMS 0x0000000083700000, 0x0000000083700000| Untracked 
|  56|0x0000000083800000, 0x0000000083800000, 0x0000000083900000|  0%| F|  |TAMS 0x0000000083800000, 0x0000000083800000| Untracked 
|  57|0x0000000083900000, 0x0000000083900000, 0x0000000083a00000|  0%| F|  |TAMS 0x0000000083900000, 0x0000000083900000| Untracked 
|  58|0x0000000083a00000, 0x0000000083a00000, 0x0000000083b00000|  0%| F|  |TAMS 0x0000000083a00000, 0x0000000083a00000| Untracked 
|  59|0x0000000083b00000, 0x0000000083b00000, 0x0000000083c00000|  0%| F|  |TAMS 0x0000000083b00000, 0x0000000083b00000| Untracked 
|  60|0x0000000083c00000, 0x0000000083c00000, 0x0000000083d00000|  0%| F|  |TAMS 0x0000000083c00000, 0x0000000083c00000| Untracked 
|  61|0x0000000083d00000, 0x0000000083d00000, 0x0000000083e00000|  0%| F|  |TAMS 0x0000000083d00000, 0x0000000083d00000| Untracked 
|  62|0x0000000083e00000, 0x0000000083e00000, 0x0000000083f00000|  0%| F|  |TAMS 0x0000000083e00000, 0x0000000083e00000| Untracked 
|  63|0x0000000083f00000, 0x0000000083f00000, 0x0000000084000000|  0%| F|  |TAMS 0x0000000083f00000, 0x0000000083f00000| Untracked 
|  64|0x0000000084000000, 0x0000000084000000, 0x0000000084100000|  0%| F|  |TAMS 0x0000000084000000, 0x0000000084000000| Untracked 
|  65|0x0000000084100000, 0x0000000084100000, 0x0000000084200000|  0%| F|  |TAMS 0x0000000084100000, 0x0000000084100000| Untracked 
|  66|0x0000000084200000, 0x0000000084200000, 0x0000000084300000|  0%| F|  |TAMS 0x0000000084200000, 0x0000000084200000| Untracked 
|  67|0x0000000084300000, 0x0000000084300000, 0x0000000084400000|  0%| F|  |TAMS 0x0000000084300000, 0x0000000084300000| Untracked 
|  68|0x0000000084400000, 0x0000000084400000, 0x0000000084500000|  0%| F|  |TAMS 0x0000000084400000, 0x0000000084400000| Untracked 
|  69|0x0000000084500000, 0x0000000084500000, 0x0000000084600000|  0%| F|  |TAMS 0x0000000084500000, 0x0000000084500000| Untracked 
|  70|0x0000000084600000, 0x0000000084600000, 0x0000000084700000|  0%| F|  |TAMS 0x0000000084600000, 0x0000000084600000| Untracked 
|  71|0x0000000084700000, 0x0000000084700000, 0x0000000084800000|  0%| F|  |TAMS 0x0000000084700000, 0x0000000084700000| Untracked 
|  72|0x0000000084800000, 0x0000000084800000, 0x0000000084900000|  0%| F|  |TAMS 0x0000000084800000, 0x0000000084800000| Untracked 
|  73|0x0000000084900000, 0x0000000084900000, 0x0000000084a00000|  0%| F|  |TAMS 0x0000000084900000, 0x0000000084900000| Untracked 
|  74|0x0000000084a00000, 0x0000000084aaba40, 0x0000000084b00000| 67%| S|CS|TAMS 0x0000000084a00000, 0x0000000084a00000| Complete 
|  75|0x0000000084b00000, 0x0000000084b00000, 0x0000000084c00000|  0%| F|  |TAMS 0x0000000084b00000, 0x0000000084b00000| Untracked 
|  76|0x0000000084c00000, 0x0000000084c00000, 0x0000000084d00000|  0%| F|  |TAMS 0x0000000084c00000, 0x0000000084c00000| Untracked 
|  77|0x0000000084d00000, 0x0000000084d00000, 0x0000000084e00000|  0%| F|  |TAMS 0x0000000084d00000, 0x0000000084d00000| Untracked 
|  78|0x0000000084e00000, 0x0000000084e00000, 0x0000000084f00000|  0%| F|  |TAMS 0x0000000084e00000, 0x0000000084e00000| Untracked 
|  79|0x0000000084f00000, 0x0000000084f00000, 0x0000000085000000|  0%| F|  |TAMS 0x0000000084f00000, 0x0000000084f00000| Untracked 
|  80|0x0000000085000000, 0x0000000085000000, 0x0000000085100000|  0%| F|  |TAMS 0x0000000085000000, 0x0000000085000000| Untracked 
|  81|0x0000000085100000, 0x0000000085100000, 0x0000000085200000|  0%| F|  |TAMS 0x0000000085100000, 0x0000000085100000| Untracked 
|  82|0x0000000085200000, 0x0000000085200000, 0x0000000085300000|  0%| F|  |TAMS 0x0000000085200000, 0x0000000085200000| Untracked 
|  83|0x0000000085300000, 0x0000000085300000, 0x0000000085400000|  0%| F|  |TAMS 0x0000000085300000, 0x0000000085300000| Untracked 
|  84|0x0000000085400000, 0x0000000085400000, 0x0000000085500000|  0%| F|  |TAMS 0x0000000085400000, 0x0000000085400000| Untracked 
|  85|0x0000000085500000, 0x0000000085500000, 0x0000000085600000|  0%| F|  |TAMS 0x0000000085500000, 0x0000000085500000| Untracked 
|  86|0x0000000085600000, 0x0000000085600000, 0x0000000085700000|  0%| F|  |TAMS 0x0000000085600000, 0x0000000085600000| Untracked 
|  87|0x0000000085700000, 0x0000000085700000, 0x0000000085800000|  0%| F|  |TAMS 0x0000000085700000, 0x0000000085700000| Untracked 
|  88|0x0000000085800000, 0x0000000085800000, 0x0000000085900000|  0%| F|  |TAMS 0x0000000085800000, 0x0000000085800000| Untracked 
|  89|0x0000000085900000, 0x0000000085900000, 0x0000000085a00000|  0%| F|  |TAMS 0x0000000085900000, 0x0000000085900000| Untracked 
|  90|0x0000000085a00000, 0x0000000085abfe50, 0x0000000085b00000| 74%| E|  |TAMS 0x0000000085a00000, 0x0000000085a00000| Complete 
|  91|0x0000000085b00000, 0x0000000085c00000, 0x0000000085c00000|100%| E|CS|TAMS 0x0000000085b00000, 0x0000000085b00000| Complete 
|  92|0x0000000085c00000, 0x0000000085d00000, 0x0000000085d00000|100%| E|CS|TAMS 0x0000000085c00000, 0x0000000085c00000| Complete 
|  93|0x0000000085d00000, 0x0000000085e00000, 0x0000000085e00000|100%| E|CS|TAMS 0x0000000085d00000, 0x0000000085d00000| Complete 
|  94|0x0000000085e00000, 0x0000000085f00000, 0x0000000085f00000|100%| E|CS|TAMS 0x0000000085e00000, 0x0000000085e00000| Complete 
|  95|0x0000000085f00000, 0x0000000086000000, 0x0000000086000000|100%| E|CS|TAMS 0x0000000085f00000, 0x0000000085f00000| Complete 
|  96|0x0000000086000000, 0x0000000086100000, 0x0000000086100000|100%| E|CS|TAMS 0x0000000086000000, 0x0000000086000000| Complete 
|  97|0x0000000086100000, 0x0000000086200000, 0x0000000086200000|100%| E|CS|TAMS 0x0000000086100000, 0x0000000086100000| Complete 
|  98|0x0000000086200000, 0x0000000086300000, 0x0000000086300000|100%| E|CS|TAMS 0x0000000086200000, 0x0000000086200000| Complete 
|  99|0x0000000086300000, 0x0000000086400000, 0x0000000086400000|100%| E|CS|TAMS 0x0000000086300000, 0x0000000086300000| Complete 
| 100|0x0000000086400000, 0x0000000086500000, 0x0000000086500000|100%| E|CS|TAMS 0x0000000086400000, 0x0000000086400000| Complete 
| 101|0x0000000086500000, 0x0000000086600000, 0x0000000086600000|100%| E|CS|TAMS 0x0000000086500000, 0x0000000086500000| Complete 
| 102|0x0000000086600000, 0x0000000086700000, 0x0000000086700000|100%| E|CS|TAMS 0x0000000086600000, 0x0000000086600000| Complete 
| 103|0x0000000086700000, 0x0000000086800000, 0x0000000086800000|100%| E|CS|TAMS 0x0000000086700000, 0x0000000086700000| Complete 
| 104|0x0000000086800000, 0x0000000086900000, 0x0000000086900000|100%| E|CS|TAMS 0x0000000086800000, 0x0000000086800000| Complete 
| 105|0x0000000086900000, 0x0000000086a00000, 0x0000000086a00000|100%| E|CS|TAMS 0x0000000086900000, 0x0000000086900000| Complete 
| 106|0x0000000086a00000, 0x0000000086b00000, 0x0000000086b00000|100%| E|CS|TAMS 0x0000000086a00000, 0x0000000086a00000| Complete 
| 107|0x0000000086b00000, 0x0000000086c00000, 0x0000000086c00000|100%| E|CS|TAMS 0x0000000086b00000, 0x0000000086b00000| Complete 
| 108|0x0000000086c00000, 0x0000000086d00000, 0x0000000086d00000|100%| E|CS|TAMS 0x0000000086c00000, 0x0000000086c00000| Complete 
| 109|0x0000000086d00000, 0x0000000086e00000, 0x0000000086e00000|100%| E|CS|TAMS 0x0000000086d00000, 0x0000000086d00000| Complete 
| 110|0x0000000086e00000, 0x0000000086f00000, 0x0000000086f00000|100%| E|CS|TAMS 0x0000000086e00000, 0x0000000086e00000| Complete 
| 111|0x0000000086f00000, 0x0000000087000000, 0x0000000087000000|100%| E|CS|TAMS 0x0000000086f00000, 0x0000000086f00000| Complete 
| 112|0x0000000087000000, 0x0000000087100000, 0x0000000087100000|100%| E|CS|TAMS 0x0000000087000000, 0x0000000087000000| Complete 
| 113|0x0000000087100000, 0x0000000087200000, 0x0000000087200000|100%| E|CS|TAMS 0x0000000087100000, 0x0000000087100000| Complete 
| 114|0x0000000087200000, 0x0000000087300000, 0x0000000087300000|100%| E|CS|TAMS 0x0000000087200000, 0x0000000087200000| Complete 
| 115|0x0000000087300000, 0x0000000087400000, 0x0000000087400000|100%| E|CS|TAMS 0x0000000087300000, 0x0000000087300000| Complete 
| 116|0x0000000087400000, 0x0000000087500000, 0x0000000087500000|100%| E|CS|TAMS 0x0000000087400000, 0x0000000087400000| Complete 
| 117|0x0000000087500000, 0x0000000087600000, 0x0000000087600000|100%| E|CS|TAMS 0x0000000087500000, 0x0000000087500000| Complete 
| 118|0x0000000087600000, 0x0000000087700000, 0x0000000087700000|100%| E|CS|TAMS 0x0000000087600000, 0x0000000087600000| Complete 
| 119|0x0000000087700000, 0x0000000087800000, 0x0000000087800000|100%| E|CS|TAMS 0x0000000087700000, 0x0000000087700000| Complete 
| 120|0x0000000087800000, 0x0000000087900000, 0x0000000087900000|100%| E|CS|TAMS 0x0000000087800000, 0x0000000087800000| Complete 
| 121|0x0000000087900000, 0x0000000087a00000, 0x0000000087a00000|100%| E|CS|TAMS 0x0000000087900000, 0x0000000087900000| Complete 
| 122|0x0000000087a00000, 0x0000000087b00000, 0x0000000087b00000|100%| E|CS|TAMS 0x0000000087a00000, 0x0000000087a00000| Complete 
| 123|0x0000000087b00000, 0x0000000087c00000, 0x0000000087c00000|100%| E|CS|TAMS 0x0000000087b00000, 0x0000000087b00000| Complete 
| 124|0x0000000087c00000, 0x0000000087d00000, 0x0000000087d00000|100%| E|CS|TAMS 0x0000000087c00000, 0x0000000087c00000| Complete 
| 125|0x0000000087d00000, 0x0000000087e00000, 0x0000000087e00000|100%| E|CS|TAMS 0x0000000087d00000, 0x0000000087d00000| Complete 
| 126|0x0000000087e00000, 0x0000000087f00000, 0x0000000087f00000|100%| E|CS|TAMS 0x0000000087e00000, 0x0000000087e00000| Complete 
| 127|0x0000000087f00000, 0x0000000088000000, 0x0000000088000000|100%| E|CS|TAMS 0x0000000087f00000, 0x0000000087f00000| Complete 
| 128|0x0000000088000000, 0x0000000088100000, 0x0000000088100000|100%| E|CS|TAMS 0x0000000088000000, 0x0000000088000000| Complete 
| 129|0x0000000088100000, 0x0000000088200000, 0x0000000088200000|100%| E|CS|TAMS 0x0000000088100000, 0x0000000088100000| Complete 
| 130|0x0000000088200000, 0x0000000088300000, 0x0000000088300000|100%| E|CS|TAMS 0x0000000088200000, 0x0000000088200000| Complete 
| 131|0x0000000088300000, 0x0000000088400000, 0x0000000088400000|100%| E|CS|TAMS 0x0000000088300000, 0x0000000088300000| Complete 
| 132|0x0000000088400000, 0x0000000088500000, 0x0000000088500000|100%| E|CS|TAMS 0x0000000088400000, 0x0000000088400000| Complete 
| 133|0x0000000088500000, 0x0000000088600000, 0x0000000088600000|100%| E|CS|TAMS 0x0000000088500000, 0x0000000088500000| Complete 
| 134|0x0000000088600000, 0x0000000088700000, 0x0000000088700000|100%| E|CS|TAMS 0x0000000088600000, 0x0000000088600000| Complete 
| 135|0x0000000088700000, 0x0000000088800000, 0x0000000088800000|100%| E|CS|TAMS 0x0000000088700000, 0x0000000088700000| Complete 
| 136|0x0000000088800000, 0x0000000088900000, 0x0000000088900000|100%| E|CS|TAMS 0x0000000088800000, 0x0000000088800000| Complete 
| 137|0x0000000088900000, 0x0000000088a00000, 0x0000000088a00000|100%| E|CS|TAMS 0x0000000088900000, 0x0000000088900000| Complete 
| 138|0x0000000088a00000, 0x0000000088b00000, 0x0000000088b00000|100%| E|CS|TAMS 0x0000000088a00000, 0x0000000088a00000| Complete 
| 139|0x0000000088b00000, 0x0000000088c00000, 0x0000000088c00000|100%| E|CS|TAMS 0x0000000088b00000, 0x0000000088b00000| Complete 
| 140|0x0000000088c00000, 0x0000000088d00000, 0x0000000088d00000|100%| E|CS|TAMS 0x0000000088c00000, 0x0000000088c00000| Complete 
| 141|0x0000000088d00000, 0x0000000088e00000, 0x0000000088e00000|100%| E|CS|TAMS 0x0000000088d00000, 0x0000000088d00000| Complete 
| 142|0x0000000088e00000, 0x0000000088f00000, 0x0000000088f00000|100%| E|CS|TAMS 0x0000000088e00000, 0x0000000088e00000| Complete 
| 143|0x0000000088f00000, 0x0000000089000000, 0x0000000089000000|100%| E|CS|TAMS 0x0000000088f00000, 0x0000000088f00000| Complete 
| 144|0x0000000089000000, 0x0000000089100000, 0x0000000089100000|100%| E|CS|TAMS 0x0000000089000000, 0x0000000089000000| Complete 
| 145|0x0000000089100000, 0x0000000089200000, 0x0000000089200000|100%| E|CS|TAMS 0x0000000089100000, 0x0000000089100000| Complete 
| 146|0x0000000089200000, 0x0000000089300000, 0x0000000089300000|100%| E|CS|TAMS 0x0000000089200000, 0x0000000089200000| Complete 
| 147|0x0000000089300000, 0x0000000089400000, 0x0000000089400000|100%| E|CS|TAMS 0x0000000089300000, 0x0000000089300000| Complete 
| 148|0x0000000089400000, 0x0000000089500000, 0x0000000089500000|100%| E|CS|TAMS 0x0000000089400000, 0x0000000089400000| Complete 
| 149|0x0000000089500000, 0x0000000089600000, 0x0000000089600000|100%| E|CS|TAMS 0x0000000089500000, 0x0000000089500000| Complete 
| 150|0x0000000089600000, 0x0000000089700000, 0x0000000089700000|100%| E|CS|TAMS 0x0000000089600000, 0x0000000089600000| Complete 
| 151|0x0000000089700000, 0x0000000089800000, 0x0000000089800000|100%| E|CS|TAMS 0x0000000089700000, 0x0000000089700000| Complete 
| 152|0x0000000089800000, 0x0000000089900000, 0x0000000089900000|100%| E|CS|TAMS 0x0000000089800000, 0x0000000089800000| Complete 
| 153|0x0000000089900000, 0x0000000089a00000, 0x0000000089a00000|100%| E|CS|TAMS 0x0000000089900000, 0x0000000089900000| Complete 
| 154|0x0000000089a00000, 0x0000000089b00000, 0x0000000089b00000|100%| E|CS|TAMS 0x0000000089a00000, 0x0000000089a00000| Complete 
| 155|0x0000000089b00000, 0x0000000089c00000, 0x0000000089c00000|100%| E|CS|TAMS 0x0000000089b00000, 0x0000000089b00000| Complete 
| 156|0x0000000089c00000, 0x0000000089d00000, 0x0000000089d00000|100%| E|CS|TAMS 0x0000000089c00000, 0x0000000089c00000| Complete 
| 157|0x0000000089d00000, 0x0000000089e00000, 0x0000000089e00000|100%| E|  |TAMS 0x0000000089d00000, 0x0000000089d00000| Complete 
| 158|0x0000000089e00000, 0x0000000089f00000, 0x0000000089f00000|100%| E|CS|TAMS 0x0000000089e00000, 0x0000000089e00000| Complete 
| 159|0x0000000089f00000, 0x000000008a000000, 0x000000008a000000|100%| E|CS|TAMS 0x0000000089f00000, 0x0000000089f00000| Complete 
| 160|0x000000008a000000, 0x000000008a100000, 0x000000008a100000|100%| E|CS|TAMS 0x000000008a000000, 0x000000008a000000| Complete 
| 161|0x000000008a100000, 0x000000008a200000, 0x000000008a200000|100%| E|CS|TAMS 0x000000008a100000, 0x000000008a100000| Complete 
| 162|0x000000008a200000, 0x000000008a300000, 0x000000008a300000|100%| E|CS|TAMS 0x000000008a200000, 0x000000008a200000| Complete 
| 163|0x000000008a300000, 0x000000008a400000, 0x000000008a400000|100%| E|CS|TAMS 0x000000008a300000, 0x000000008a300000| Complete 
| 164|0x000000008a400000, 0x000000008a500000, 0x000000008a500000|100%| E|CS|TAMS 0x000000008a400000, 0x000000008a400000| Complete 
| 165|0x000000008a500000, 0x000000008a600000, 0x000000008a600000|100%| E|CS|TAMS 0x000000008a500000, 0x000000008a500000| Complete 
| 166|0x000000008a600000, 0x000000008a700000, 0x000000008a700000|100%| E|CS|TAMS 0x000000008a600000, 0x000000008a600000| Complete 
| 167|0x000000008a700000, 0x000000008a800000, 0x000000008a800000|100%| E|CS|TAMS 0x000000008a700000, 0x000000008a700000| Complete 
| 168|0x000000008a800000, 0x000000008a900000, 0x000000008a900000|100%| E|CS|TAMS 0x000000008a800000, 0x000000008a800000| Complete 
| 169|0x000000008a900000, 0x000000008aa00000, 0x000000008aa00000|100%| E|CS|TAMS 0x000000008a900000, 0x000000008a900000| Complete 
| 170|0x000000008aa00000, 0x000000008ab00000, 0x000000008ab00000|100%| E|CS|TAMS 0x000000008aa00000, 0x000000008aa00000| Complete 
| 171|0x000000008ab00000, 0x000000008ac00000, 0x000000008ac00000|100%| E|CS|TAMS 0x000000008ab00000, 0x000000008ab00000| Complete 
| 172|0x000000008ac00000, 0x000000008ad00000, 0x000000008ad00000|100%| E|CS|TAMS 0x000000008ac00000, 0x000000008ac00000| Complete 
| 173|0x000000008ad00000, 0x000000008ae00000, 0x000000008ae00000|100%| E|CS|TAMS 0x000000008ad00000, 0x000000008ad00000| Complete 
| 174|0x000000008ae00000, 0x000000008af00000, 0x000000008af00000|100%| E|CS|TAMS 0x000000008ae00000, 0x000000008ae00000| Complete 
| 175|0x000000008af00000, 0x000000008b000000, 0x000000008b000000|100%| E|CS|TAMS 0x000000008af00000, 0x000000008af00000| Complete 
| 176|0x000000008b000000, 0x000000008b100000, 0x000000008b100000|100%| E|CS|TAMS 0x000000008b000000, 0x000000008b000000| Complete 
| 177|0x000000008b100000, 0x000000008b200000, 0x000000008b200000|100%| E|CS|TAMS 0x000000008b100000, 0x000000008b100000| Complete 
| 178|0x000000008b200000, 0x000000008b300000, 0x000000008b300000|100%| E|CS|TAMS 0x000000008b200000, 0x000000008b200000| Complete 
| 179|0x000000008b300000, 0x000000008b400000, 0x000000008b400000|100%| E|CS|TAMS 0x000000008b300000, 0x000000008b300000| Complete 
| 180|0x000000008b400000, 0x000000008b500000, 0x000000008b500000|100%| E|CS|TAMS 0x000000008b400000, 0x000000008b400000| Complete 
| 181|0x000000008b500000, 0x000000008b600000, 0x000000008b600000|100%| E|CS|TAMS 0x000000008b500000, 0x000000008b500000| Complete 
| 182|0x000000008b600000, 0x000000008b700000, 0x000000008b700000|100%| E|CS|TAMS 0x000000008b600000, 0x000000008b600000| Complete 
| 183|0x000000008b700000, 0x000000008b800000, 0x000000008b800000|100%| E|CS|TAMS 0x000000008b700000, 0x000000008b700000| Complete 
| 184|0x000000008b800000, 0x000000008b900000, 0x000000008b900000|100%| E|CS|TAMS 0x000000008b800000, 0x000000008b800000| Complete 

Card table byte_map: [0x0000021479cb0000,0x000002147a0b0000] _byte_map_base: 0x00000214798b0000

Marking Bits (Prev, Next): (CMBitMap*) 0x0000021463640eb0, (CMBitMap*) 0x0000021463640e78
 Prev Bits: [0x000002147c4b0000, 0x000002147e4b0000)
 Next Bits: [0x000002147a4b0000, 0x000002147c4b0000)

Polling page: 0x0000021461580000

Metaspace:

Usage:
  Non-class:     52.11 MB capacity,    51.08 MB ( 98%) used,   828.45 KB (  2%) free+waste,   228.06 KB ( <1%) overhead. 
      Class:      7.61 MB capacity,     6.86 MB ( 90%) used,   655.74 KB (  8%) free+waste,   109.69 KB (  1%) overhead. 
       Both:     59.72 MB capacity,    57.94 MB ( 97%) used,     1.45 MB (  2%) free+waste,   337.75 KB ( <1%) overhead. 

Virtual space:
  Non-class space:       54.00 MB reserved,      52.17 MB ( 97%) committed 
      Class space:        1.00 GB reserved,       7.63 MB ( <1%) committed 
             Both:        1.05 GB reserved,      59.79 MB (  6%) committed 

Chunk freelists:
   Non-Class:  7.63 KB
       Class:  2.00 KB
        Both:  9.63 KB

CodeHeap 'non-profiled nmethods': size=120064Kb used=10510Kb max_used=10510Kb free=109554Kb
 bounds [0x0000021472770000, 0x00000214731c0000, 0x0000021479cb0000]
CodeHeap 'profiled nmethods': size=120000Kb used=21982Kb max_used=22614Kb free=98017Kb
 bounds [0x000002146b240000, 0x000002146c860000, 0x0000021472770000]
CodeHeap 'non-nmethods': size=5696Kb used=1213Kb max_used=1265Kb free=4482Kb
 bounds [0x000002146acb0000, 0x000002146af20000, 0x000002146b240000]
 total_blobs=10645 nmethods=10084 adapters=471
 compilation: enabled
              stopped_count=0, restarted_count=0
 full_count=0

Compilation events (10 events):
Event: 8751.934 Thread 0x000002147e8a3800 nmethod 10822 0x000002146b685b90 code [0x000002146b685d60, 0x000002146b6861e8]
Event: 8751.934 Thread 0x000002147e8a3800 10823       3       java.util.stream.ReduceOps$10::<init> (16 bytes)
Event: 8751.935 Thread 0x000002147e8a3800 nmethod 10823 0x000002146b66f710 code [0x000002146b66f8c0, 0x000002146b66fb38]
Event: 8751.935 Thread 0x000002147e8a3800 10824       3       java.util.stream.ReduceOps$10::makeSink (5 bytes)
Event: 8751.935 Thread 0x000002147e8a3800 nmethod 10824 0x000002146b67c190 code [0x000002146b67c340, 0x000002146b67c638]
Event: 8751.935 Thread 0x000002147e8a3800 10825       3       java.lang.Long::sum (4 bytes)
Event: 8751.935 Thread 0x000002147e8a3800 nmethod 10825 0x000002146b3de390 code [0x000002146b3de520, 0x000002146b3de5f8]
Event: 9054.140 Thread 0x000002147e89c800 10827       4       java.net.SocksSocketImpl$3::run (5 bytes)
Event: 9054.141 Thread 0x000002147e89c800 nmethod 10827 0x00000214731b5110 code [0x00000214731b5280, 0x00000214731b5318]
Event: 9148.116 Thread 0x000002147e89c800 10828       4       org.springframework.core.BridgeMethodResolver::findBridgedMethod (117 bytes)

GC Heap History (10 events):
Event: 8647.425 GC heap before
{Heap before GC invocations=98 (full 0):
 garbage-first heap   total 189440K, used 143910K [0x0000000080000000, 0x0000000100000000)
  region size 1024K, 111 young (113664K), 1 survivors (1024K)
 Metaspace       used 59325K, capacity 61151K, committed 61228K, reserved 1103872K
  class space    used 7026K, capacity 7792K, committed 7808K, reserved 1048576K
}
Event: 8647.428 GC heap after
{Heap after GC invocations=99 (full 0):
 garbage-first heap   total 189440K, used 31346K [0x0000000080000000, 0x0000000100000000)
  region size 1024K, 1 young (1024K), 1 survivors (1024K)
 Metaspace       used 59325K, capacity 61151K, committed 61228K, reserved 1103872K
  class space    used 7026K, capacity 7792K, committed 7808K, reserved 1048576K
}
Event: 8751.928 GC heap before
{Heap before GC invocations=99 (full 0):
 garbage-first heap   total 189440K, used 143986K [0x0000000080000000, 0x0000000100000000)
  region size 1024K, 111 young (113664K), 1 survivors (1024K)
 Metaspace       used 59325K, capacity 61151K, committed 61228K, reserved 1103872K
  class space    used 7026K, capacity 7792K, committed 7808K, reserved 1048576K
}
Event: 8751.931 GC heap after
{Heap after GC invocations=100 (full 0):
 garbage-first heap   total 189440K, used 31291K [0x0000000080000000, 0x0000000100000000)
  region size 1024K, 1 young (1024K), 1 survivors (1024K)
 Metaspace       used 59325K, capacity 61151K, committed 61228K, reserved 1103872K
  class space    used 7026K, capacity 7792K, committed 7808K, reserved 1048576K
}
Event: 8853.314 GC heap before
{Heap before GC invocations=100 (full 0):
 garbage-first heap   total 189440K, used 143931K [0x0000000080000000, 0x0000000100000000)
  region size 1024K, 111 young (113664K), 1 survivors (1024K)
 Metaspace       used 59329K, capacity 61151K, committed 61228K, reserved 1103872K
  class space    used 7026K, capacity 7792K, committed 7808K, reserved 1048576K
}
Event: 8853.317 GC heap after
{Heap after GC invocations=101 (full 0):
 garbage-first heap   total 189440K, used 31393K [0x0000000080000000, 0x0000000100000000)
  region size 1024K, 1 young (1024K), 1 survivors (1024K)
 Metaspace       used 59329K, capacity 61151K, committed 61228K, reserved 1103872K
  class space    used 7026K, capacity 7792K, committed 7808K, reserved 1048576K
}
Event: 8957.696 GC heap before
{Heap before GC invocations=101 (full 0):
 garbage-first heap   total 189440K, used 144033K [0x0000000080000000, 0x0000000100000000)
  region size 1024K, 111 young (113664K), 1 survivors (1024K)
 Metaspace       used 59329K, capacity 61151K, committed 61228K, reserved 1103872K
  class space    used 7026K, capacity 7792K, committed 7808K, reserved 1048576K
}
Event: 8957.698 GC heap after
{Heap after GC invocations=102 (full 0):
 garbage-first heap   total 189440K, used 31306K [0x0000000080000000, 0x0000000100000000)
  region size 1024K, 1 young (1024K), 1 survivors (1024K)
 Metaspace       used 59329K, capacity 61151K, committed 61228K, reserved 1103872K
  class space    used 7026K, capacity 7792K, committed 7808K, reserved 1048576K
}
Event: 9059.204 GC heap before
{Heap before GC invocations=102 (full 0):
 garbage-first heap   total 189440K, used 143946K [0x0000000080000000, 0x0000000100000000)
  region size 1024K, 111 young (113664K), 1 survivors (1024K)
 Metaspace       used 59329K, capacity 61151K, committed 61228K, reserved 1103872K
  class space    used 7026K, capacity 7792K, committed 7808K, reserved 1048576K
}
Event: 9059.207 GC heap after
{Heap after GC invocations=103 (full 0):
 garbage-first heap   total 189440K, used 31406K [0x0000000080000000, 0x0000000100000000)
  region size 1024K, 1 young (1024K), 1 survivors (1024K)
 Metaspace       used 59329K, capacity 61151K, committed 61228K, reserved 1103872K
  class space    used 7026K, capacity 7792K, committed 7808K, reserved 1048576K
}

Deoptimization events (10 events):
Event: 2657.802 Thread 0x00000214058c7000 Uncommon trap: reason=array_check action=maybe_recompile pc=0x00000214727eb68c method=java.util.TimSort.binarySort([Ljava/lang/Object;IIILjava/util/Comparator;)V @ 215 c2
Event: 2935.131 Thread 0x0000021404e5b000 Uncommon trap: reason=unstable_if action=reinterpret pc=0x0000021472f8a070 method=java.util.concurrent.locks.LockSupport.unpark(Ljava/lang/Thread;)V @ 1 c2
Event: 2994.132 Thread 0x00000214065ea800 Uncommon trap: reason=unstable_if action=reinterpret pc=0x0000021472f8c140 method=java.util.concurrent.locks.LockSupport.unpark(Ljava/lang/Thread;)V @ 1 c2
Event: 5398.135 Thread 0x00000214065ea800 Uncommon trap: reason=profile_predicate action=maybe_recompile pc=0x0000021473107f08 method=java.util.concurrent.ConcurrentHashMap$Traverser.advance()Ljava/util/concurrent/ConcurrentHashMap$Node; @ 15 c2
Event: 5399.140 Thread 0x00000214065ea800 Uncommon trap: reason=profile_predicate action=maybe_recompile pc=0x0000021473107f08 method=java.util.concurrent.ConcurrentHashMap$Traverser.advance()Ljava/util/concurrent/ConcurrentHashMap$Node; @ 15 c2
Event: 5400.138 Thread 0x00000214065ea800 Uncommon trap: reason=profile_predicate action=maybe_recompile pc=0x0000021473107f08 method=java.util.concurrent.ConcurrentHashMap$Traverser.advance()Ljava/util/concurrent/ConcurrentHashMap$Node; @ 15 c2
Event: 5401.135 Thread 0x00000214065ea800 Uncommon trap: reason=profile_predicate action=maybe_recompile pc=0x0000021473107f08 method=java.util.concurrent.ConcurrentHashMap$Traverser.advance()Ljava/util/concurrent/ConcurrentHashMap$Node; @ 15 c2
Event: 5965.987 Thread 0x00000214057e6000 Uncommon trap: reason=null_check action=make_not_entrant pc=0x000002147313895c method=com.fasterxml.jackson.databind.ser.BasicSerializerFactory.findSerializerByAnnotations(Lcom/fasterxml/jackson/databind/SerializerProvider;Lcom/fasterxml/jackson/databind/
Event: 7106.973 Thread 0x00000214058c7000 Uncommon trap: reason=profile_predicate action=maybe_recompile pc=0x0000021472fcf5bc method=java.util.concurrent.ConcurrentHashMap$Traverser.advance()Ljava/util/concurrent/ConcurrentHashMap$Node; @ 15 c2
Event: 8228.900 Thread 0x00000214057e7800 Uncommon trap: reason=unstable_if action=reinterpret pc=0x00000214730807f0 method=java.util.concurrent.locks.AbstractQueuedSynchronizer$ConditionObject.awaitNanos(J)J @ 79 c2

Classes redefined (0 events):
No events

Internal exceptions (10 events):
Event: 9140.317 Thread 0x00000214058c7000 Exception <a 'java/net/ConnectException'{0x0000000086383568}: Connection refused: connect> (0x0000000086383568) thrown at [./open/src/hotspot/share/prims/jni.cpp, line 632]
Event: 9141.333 Thread 0x00000214058c7000 Exception <a 'java/net/ConnectException'{0x00000000862875e0}: Connection refused: connect> (0x00000000862875e0) thrown at [./open/src/hotspot/share/prims/jni.cpp, line 632]
Event: 9142.351 Thread 0x00000214058c7000 Exception <a 'java/net/ConnectException'{0x000000008618b590}: Connection refused: connect> (0x000000008618b590) thrown at [./open/src/hotspot/share/prims/jni.cpp, line 632]
Event: 9143.366 Thread 0x00000214058c7000 Exception <a 'java/net/ConnectException'{0x000000008608ecd0}: Connection refused: connect> (0x000000008608ecd0) thrown at [./open/src/hotspot/share/prims/jni.cpp, line 632]
Event: 9144.389 Thread 0x00000214058c7000 Exception <a 'java/net/ConnectException'{0x0000000085f92c28}: Connection refused: connect> (0x0000000085f92c28) thrown at [./open/src/hotspot/share/prims/jni.cpp, line 632]
Event: 9145.405 Thread 0x00000214058c7000 Exception <a 'java/net/ConnectException'{0x0000000085e963b0}: Connection refused: connect> (0x0000000085e963b0) thrown at [./open/src/hotspot/share/prims/jni.cpp, line 632]
Event: 9146.093 Thread 0x00000214058d3000 Exception <a 'java/net/ConnectException'{0x0000000085df4138}: Connection refused: connect> (0x0000000085df4138) thrown at [./open/src/hotspot/share/prims/jni.cpp, line 632]
Event: 9146.416 Thread 0x00000214058c7000 Exception <a 'java/net/ConnectException'{0x0000000085cc5098}: Connection refused: connect> (0x0000000085cc5098) thrown at [./open/src/hotspot/share/prims/jni.cpp, line 632]
Event: 9147.435 Thread 0x00000214058c7000 Exception <a 'java/net/ConnectException'{0x0000000085bc8c10}: Connection refused: connect> (0x0000000085bc8c10) thrown at [./open/src/hotspot/share/prims/jni.cpp, line 632]
Event: 9148.125 Thread 0x00000214057e6000 Exception <a 'java/net/ConnectException'{0x0000000085a8dc18}: Connection refused: connect> (0x0000000085a8dc18) thrown at [./open/src/hotspot/share/prims/jni.cpp, line 632]

Events (10 events):
Event: 9148.121 loading class com/fasterxml/jackson/datatype/joda$JodaModule
Event: 9148.121 loading class com/fasterxml/jackson/datatype/joda$JodaModule done
Event: 9148.121 loading class com/fasterxml/jackson/datatype/joda/JodaModule
Event: 9148.121 loading class com/fasterxml/jackson/datatype/joda/JodaModule done
Event: 9148.122 loading class com/fasterxml/jackson/datatype/joda$JodaModule
Event: 9148.122 loading class com/fasterxml/jackson/datatype/joda$JodaModule done
Event: 9148.122 loading class com/fasterxml/jackson/datatype/joda/JodaModule
Event: 9148.122 loading class com/fasterxml/jackson/datatype/joda/JodaModule done
Event: 9148.122 loading class com/fasterxml/jackson/datatype/joda$JodaModule
Event: 9148.122 loading class com/fasterxml/jackson/datatype/joda$JodaModule done


Dynamic libraries:
0x00007ff6651c0000 - 0x00007ff6651cf000 	C:\Program Files\Java\jdk-11.0.16\bin\java.exe
0x00007ff83da50000 - 0x00007ff83dc48000 	C:\Windows\SYSTEM32\ntdll.dll
0x00007ff83d490000 - 0x00007ff83d54f000 	C:\Windows\System32\KERNEL32.DLL
0x00007ff83b410000 - 0x00007ff83b6e2000 	C:\Windows\System32\KERNELBASE.dll
0x00007ff83b7a0000 - 0x00007ff83b8a0000 	C:\Windows\System32\ucrtbase.dll
0x00007ff811590000 - 0x00007ff8115a8000 	C:\Program Files\Java\jdk-11.0.16\bin\jli.dll
0x00007ff83c000000 - 0x00007ff83c0ae000 	C:\Windows\System32\ADVAPI32.dll
0x00007ff83c3d0000 - 0x00007ff83c46e000 	C:\Windows\System32\msvcrt.dll
0x00007ff83c470000 - 0x00007ff83c50c000 	C:\Windows\System32\sechost.dll
0x00007ff83d2d0000 - 0x00007ff83d3f5000 	C:\Windows\System32\RPCRT4.dll
0x00007ff83d550000 - 0x00007ff83d6ed000 	C:\Windows\System32\USER32.dll
0x00007ff83b180000 - 0x00007ff83b1a2000 	C:\Windows\System32\win32u.dll
0x00007ff83cf20000 - 0x00007ff83cf4b000 	C:\Windows\System32\GDI32.dll
0x00007ff83b8a0000 - 0x00007ff83b9af000 	C:\Windows\System32\gdi32full.dll
0x00007ff83ba00000 - 0x00007ff83ba9d000 	C:\Windows\System32\msvcp_win.dll
0x00007ff816370000 - 0x00007ff816385000 	C:\Program Files\Java\jdk-11.0.16\bin\VCRUNTIME140.dll
0x00007ff81d060000 - 0x00007ff81d2fa000 	C:\Windows\WinSxS\amd64_microsoft.windows.common-controls_6595b64144ccf1df_6.0.19041.1110_none_60b5254171f9507e\COMCTL32.dll
0x00007ff833420000 - 0x00007ff83342a000 	C:\Windows\SYSTEM32\VERSION.dll
0x00007ff83d970000 - 0x00007ff83d9a2000 	C:\Windows\System32\IMM32.DLL
0x00007ff806740000 - 0x00007ff8067db000 	C:\Program Files\Java\jdk-11.0.16\bin\msvcp140.dll
0x00007fffcc8d0000 - 0x00007fffcd3e8000 	C:\Program Files\Java\jdk-11.0.16\bin\server\jvm.dll
0x00007ff83c0b0000 - 0x00007ff83c0b8000 	C:\Windows\System32\PSAPI.DLL
0x00007ff821560000 - 0x00007ff821569000 	C:\Windows\SYSTEM32\WSOCK32.dll
0x00007ff83d6f0000 - 0x00007ff83d75b000 	C:\Windows\System32\WS2_32.dll
0x00007ff817f00000 - 0x00007ff817f27000 	C:\Windows\SYSTEM32\WINMM.dll
0x00007ff838ff0000 - 0x00007ff839002000 	C:\Windows\SYSTEM32\kernel.appcore.dll
0x00007ff817030000 - 0x00007ff817040000 	C:\Program Files\Java\jdk-11.0.16\bin\verify.dll
0x00007ff829b00000 - 0x00007ff829ce4000 	C:\Windows\SYSTEM32\DBGHELP.DLL
0x00007ff82a330000 - 0x00007ff82a35c000 	C:\Windows\SYSTEM32\dbgcore.DLL
0x00007ff83b380000 - 0x00007ff83b402000 	C:\Windows\System32\bcryptPrimitives.dll
0x00007ff810990000 - 0x00007ff8109b8000 	C:\Program Files\Java\jdk-11.0.16\bin\java.dll
0x00007ff815e20000 - 0x00007ff815e2a000 	C:\Program Files\Java\jdk-11.0.16\bin\jimage.dll
0x00007ff828420000 - 0x00007ff82842e000 	C:\Program Files\Java\jdk-11.0.16\bin\instrument.dll
0x00007ff810690000 - 0x00007ff8106a6000 	C:\Program Files\Java\jdk-11.0.16\bin\zip.dll
0x00007ff83c6b0000 - 0x00007ff83cdf3000 	C:\Windows\System32\SHELL32.dll
0x00007ff8391f0000 - 0x00007ff839982000 	C:\Windows\SYSTEM32\windows.storage.dll
0x00007ff83cf70000 - 0x00007ff83d2c4000 	C:\Windows\System32\combase.dll
0x00007ff83a9f0000 - 0x00007ff83aa20000 	C:\Windows\SYSTEM32\Wldp.dll
0x00007ff83c590000 - 0x00007ff83c63d000 	C:\Windows\System32\SHCORE.dll
0x00007ff83c650000 - 0x00007ff83c6a5000 	C:\Windows\System32\shlwapi.dll
0x00007ff83b090000 - 0x00007ff83b0af000 	C:\Windows\SYSTEM32\profapi.dll
0x00007ff80e050000 - 0x00007ff80e069000 	C:\Program Files\Java\jdk-11.0.16\bin\net.dll
0x00007ff832a90000 - 0x00007ff832b9c000 	C:\Windows\SYSTEM32\WINHTTP.dll
0x00007ff83a7d0000 - 0x00007ff83a83a000 	C:\Windows\system32\mswsock.dll
0x00007ff80e030000 - 0x00007ff80e042000 	C:\Program Files\Java\jdk-11.0.16\bin\nio.dll
0x00007ff821500000 - 0x00007ff82151a000 	C:\Program Files\JetBrains\IntelliJ IDEA Community Edition 2022.2.1\bin\breakgen64.dll
0x00007ff83a4e0000 - 0x00007ff83a51b000 	C:\Windows\SYSTEM32\IPHLPAPI.DLL
0x00007ff83c640000 - 0x00007ff83c648000 	C:\Windows\System32\NSI.dll
0x00007ff833c40000 - 0x00007ff833c57000 	C:\Windows\SYSTEM32\dhcpcsvc6.DLL
0x00007ff833c20000 - 0x00007ff833c3d000 	C:\Windows\SYSTEM32\dhcpcsvc.DLL
0x00007ff83a520000 - 0x00007ff83a5ea000 	C:\Windows\SYSTEM32\DNSAPI.dll
0x00007ff832180000 - 0x00007ff83218a000 	C:\Windows\System32\rasadhlp.dll
0x00007ff8324a0000 - 0x00007ff832520000 	C:\Windows\System32\fwpuclnt.dll
0x00007ff83b150000 - 0x00007ff83b177000 	C:\Windows\System32\bcrypt.dll
0x00007ff8283c0000 - 0x00007ff8283c9000 	C:\Program Files\Java\jdk-11.0.16\bin\management.dll
0x00007ff821600000 - 0x00007ff82160b000 	C:\Program Files\Java\jdk-11.0.16\bin\management_ext.dll
0x00007ff820090000 - 0x00007ff8200a7000 	C:\Windows\system32\napinsp.dll
0x00007ff820070000 - 0x00007ff82008b000 	C:\Windows\system32\pnrpnsp.dll
0x00007ff820050000 - 0x00007ff820065000 	C:\Windows\system32\wshbth.dll
0x00007ff836980000 - 0x00007ff83699d000 	C:\Windows\system32\NLAapi.dll
0x00007ff820030000 - 0x00007ff820042000 	C:\Windows\System32\winrnr.dll
0x00007ff83aa30000 - 0x00007ff83aa48000 	C:\Windows\SYSTEM32\CRYPTSP.dll
0x00007ff83a110000 - 0x00007ff83a144000 	C:\Windows\system32\rsaenh.dll
0x00007ff83b010000 - 0x00007ff83b03e000 	C:\Windows\SYSTEM32\USERENV.dll
0x00007ff83a960000 - 0x00007ff83a96c000 	C:\Windows\SYSTEM32\CRYPTBASE.dll
0x00007ff81cba0000 - 0x00007ff81cbc5000 	C:\Program Files\Java\jdk-11.0.16\bin\sunec.dll
0x00007ff828460000 - 0x00007ff82846d000 	C:\Program Files\Java\jdk-11.0.16\bin\sunmscapi.dll
0x00007ff83b220000 - 0x00007ff83b376000 	C:\Windows\System32\CRYPT32.dll
0x00007ff83ab40000 - 0x00007ff83ab67000 	C:\Windows\SYSTEM32\ncrypt.dll
0x00007ff83ab00000 - 0x00007ff83ab3b000 	C:\Windows\SYSTEM32\NTASN1.dll

dbghelp: loaded successfully - version: 4.0.5 - missing functions: none
symbol engine: initialized successfully - sym options: 0x614 - pdb path: .;C:\Program Files\Java\jdk-11.0.16\bin;C:\Windows\SYSTEM32;C:\Windows\WinSxS\amd64_microsoft.windows.common-controls_6595b64144ccf1df_6.0.19041.1110_none_60b5254171f9507e;C:\Program Files\Java\jdk-11.0.16\bin\server;C:\Program Files\JetBrains\IntelliJ IDEA Community Edition 2022.2.1\bin

VM Arguments:
jvm_args: -javaagent:C:\Program Files\JetBrains\IntelliJ IDEA Community Edition 2022.2.1\lib\idea_rt.jar=62786:C:\Program Files\JetBrains\IntelliJ IDEA Community Edition 2022.2.1\bin -Dfile.encoding=UTF-8 
java_command: com.eureka.app.gateway.GatwayApplication
java_class_path (initial): C:\Users\sfjbs\training\javatraining\day11\eureka-app\gatway-service\target\classes;C:\Users\sfjbs\.m2\repository\org\springframework\boot\spring-boot-starter-actuator\2.7.0\spring-boot-starter-actuator-2.7.0.jar;C:\Users\sfjbs\.m2\repository\org\springframework\boot\spring-boot-starter\2.7.0\spring-boot-starter-2.7.0.jar;C:\Users\sfjbs\.m2\repository\org\springframework\boot\spring-boot\2.7.0\spring-boot-2.7.0.jar;C:\Users\sfjbs\.m2\repository\org\springframework\boot\spring-boot-autoconfigure\2.7.0\spring-boot-autoconfigure-2.7.0.jar;C:\Users\sfjbs\.m2\repository\org\springframework\boot\spring-boot-starter-logging\2.7.0\spring-boot-starter-logging-2.7.0.jar;C:\Users\sfjbs\.m2\repository\ch\qos\logback\logback-classic\1.2.11\logback-classic-1.2.11.jar;C:\Users\sfjbs\.m2\repository\ch\qos\logback\logback-core\1.2.11\logback-core-1.2.11.jar;C:\Users\sfjbs\.m2\repository\org\apache\logging\log4j\log4j-to-slf4j\2.17.2\log4j-to-slf4j-2.17.2.jar;C:\Users\sfjbs\.m2\repository\org\apache\logging\log4j\log4j-api\2.17.2\log4j-api-2.17.2.jar;C:\Users\sfjbs\.m2\repository\org\slf4j\jul-to-slf4j\1.7.36\jul-to-slf4j-1.7.36.jar;C:\Users\sfjbs\.m2\repository\jakarta\annotation\jakarta.annotation-api\1.3.5\jakarta.annotation-api-1.3.5.jar;C:\Users\sfjbs\.m2\repository\org\yaml\snakeyaml\1.30\snakeyaml-1.30.jar;C:\Users\sfjbs\.m2\repository\org\springframework\boot\spring-boot-actuator-autoconfigure\2.7.0\spring-boot-actuator-autoconfigure-2.7.0.jar;C:\Users\sfjbs\.m2\repository\org\springframework\boot\spring-boot-actuator\2.7.0\spring-boot-actuator-2.7.0.jar;C:\Users\sfjbs\.m2\repository\com\fasterxml\jackson\core\jackson-databind\2.13.3\jackson-databind-2.13.3.jar;C:\Users\sfjbs\.m2\repository\com\fasterxml\jackson\datatype\jackson-datatype-jsr310\2.13.3\jackson-datatype-jsr310-2.13.3.jar;C:\Users\sfjbs\.m2\repository\io\micrometer\micrometer-core\1.9.0\micrometer-core-1.9.0.jar;C:\Users\sfjbs\.m2\repository\org\hdrhistogram\HdrHistogram\2.1.12\HdrHi
Launcher Type: SUN_STANDARD

[Global flags]
     intx CICompilerCount                          = 2                                         {product} {ergonomic}
     uint ConcGCThreads                            = 1                                         {product} {ergonomic}
     uint G1ConcRefinementThreads                  = 2                                         {product} {ergonomic}
   size_t G1HeapRegionSize                         = 1048576                                   {product} {ergonomic}
    uintx GCDrainStackTargetSize                   = 64                                        {product} {ergonomic}
   size_t InitialHeapSize                          = 134217728                                 {product} {ergonomic}
   size_t MarkStackSize                            = 4194304                                   {product} {ergonomic}
   size_t MaxHeapSize                              = 2147483648                                {product} {ergonomic}
   size_t MaxNewSize                               = 1287651328                                {product} {ergonomic}
   size_t MinHeapDeltaBytes                        = 1048576                                   {product} {ergonomic}
    uintx NonNMethodCodeHeapSize                   = 5825164                                {pd product} {ergonomic}
    uintx NonProfiledCodeHeapSize                  = 122916538                              {pd product} {ergonomic}
    uintx ProfiledCodeHeapSize                     = 122916538                              {pd product} {ergonomic}
    uintx ReservedCodeCacheSize                    = 251658240                              {pd product} {ergonomic}
     bool SegmentedCodeCache                       = true                                      {product} {ergonomic}
     bool UseCompressedClassPointers               = true                                 {lp64_product} {ergonomic}
     bool UseCompressedOops                        = true                                 {lp64_product} {ergonomic}
     bool UseG1GC                                  = true                                      {product} {ergonomic}
     bool UseLargePagesIndividualAllocation        = false                                  {pd product} {ergonomic}

Logging:
Log output configuration:
 #0: stdout all=warning uptime,level,tags
 #1: stderr all=off uptime,level,tags

Environment Variables:
PATH=C:\Program Files\Common Files\Oracle\Java\javapath;C:\Windows\system32;C:\Windows;C:\Windows\System32\Wbem;C:\Windows\System32\WindowsPowerShell\v1.0\;C:\Windows\System32\OpenSSH\;C:\Users\sfjbs\Downloads\micro service-20221125T023524Z-001\micro service\apache-maven-3.8.5-bin\apache-maven-3.8.5\bin;C:\Users\sfjbs\Downloads\micro service-20221125T023524Z-001\micro service\apache-maven-3.8.5-bin\apache-maven-3.8.5\lib;C:\Program Files\Git\cmd;C:\Program Files\Docker\Docker\resources\bin;C:\ProgramData\DockerDesktop\version-bin;C:\Users\sfjbs\AppData\Local\Microsoft\WindowsApps;C:\Program Files\JetBrains\IntelliJ IDEA Community Edition 2022.2.1\bin;;C:\Users\sfjbs\Downloads\micro service-20221125T023524Z-001\micro service\apache-maven-3.8.5-bin\apache-maven-3.8.5\bin;C:\Users\sfjbs\Downloads\micro service-20221125T023524Z-001\micro service\apache-maven-3.8.5-bin\apache-maven-3.8.5\lib;
USERNAME=sfjbs
OS=Windows_NT
PROCESSOR_IDENTIFIER=Intel64 Family 6 Model 85 Stepping 7, GenuineIntel



---------------  S Y S T E M  ---------------

OS: Windows 10 , 64 bit Build 19041 (10.0.19041.2251)
Hyper-V role detected

CPU:total 2 (initial active 2) (1 cores per cpu, 2 threads per core) family 6 model 85 stepping 7 microcode 0xffffffff, cmov, cx8, fxsr, mmx, sse, sse2, sse3, ssse3, sse4.1, sse4.2, popcnt, avx, avx2, aes, clmul, erms, rtm, 3dnowpref, lzcnt, ht, tsc, bmi1, bmi2, adx, evex, fma

Memory: 4k page, system-wide physical 8190M (743M free)
TotalPageFile size 10238M (AvailPageFile size 5M)
current process WorkingSet (physical memory assigned to process): 333M, peak: 336M
current process commit charge ("private bytes"): 393M, peak: 398M

vm_info: Java HotSpot(TM) 64-Bit Server VM (11.0.16+11-LTS-199) for windows-amd64 JRE (11.0.16+11-LTS-199), built on Jun 28 2022 08:23:17 by "mach5one" with MS VC++ 15.9 (VS2017)

END.
