#
# There is insufficient memory for the Java Runtime Environment to continue.
# Native memory allocation (malloc) failed to allocate 32744 bytes for ChunkPool::allocate
# Possible reasons:
#   The system is out of physical RAM or swap space
#   The process is running with CompressedOops enabled, and the Java Heap may be blocking the growth of the native heap
# Possible solutions:
#   Reduce memory load on the system
#   Increase physical memory or swap space
#   Check if swap backing store is full
#   Decrease Java heap size (-Xmx/-Xms)
#   Decrease number of Java threads
#   Decrease Java thread stack sizes (-Xss)
#   Set larger code cache with -XX:ReservedCodeCacheSize=
#   JVM is running with Unscaled Compressed Oops mode in which the Java heap is
#     placed in the first 4GB address space. The Java Heap base address is the
#     maximum limit for the native heap growth. Please use -XX:HeapBaseMinAddress
#     to set the Java Heap base and to place the Java Heap above 4GB virtual address.
# This output file may be truncated or incomplete.
#
#  Out of Memory Error (./open/src/hotspot/share/memory/arena.cpp:81), pid=14276, tid=12972
#
# JRE version: Java(TM) SE Runtime Environment 18.9 (11.0.16+11) (build 11.0.16+11-LTS-199)
# Java VM: Java HotSpot(TM) 64-Bit Server VM 18.9 (11.0.16+11-LTS-199, mixed mode, tiered, compressed oops, g1 gc, windows-amd64)
# No core dump will be written. Minidumps are not enabled by default on client versions of Windows
#

---------------  S U M M A R Y ------------

Command Line: -Dclassworlds.conf=C:\Users\sfjbs\Downloads\micro service-20221125T023524Z-001\micro service\apache-maven-3.8.5-bin\apache-maven-3.8.5\bin\m2.conf -Dmaven.home=C:\Users\sfjbs\Downloads\micro service-20221125T023524Z-001\micro service\apache-maven-3.8.5-bin\apache-maven-3.8.5 -Dlibrary.jansi.path=C:\Users\sfjbs\Downloads\micro service-20221125T023524Z-001\micro service\apache-maven-3.8.5-bin\apache-maven-3.8.5\lib\jansi-native -Dmaven.multiModuleProjectDirectory=C:\Users\sfjbs\training\temp\day04\spring-boot-app org.codehaus.plexus.classworlds.launcher.Launcher install dockerfile:build

Host: Intel(R) Xeon(R) Platinum 8272CL CPU @ 2.60GHz, 2 cores, 7G,  Windows 10 , 64 bit Build 19041 (10.0.19041.2251)
Time: Wed Dec  7 07:10:15 2022 Coordinated Universal Time elapsed time: 10.263095 seconds (0d 0h 0m 10s)

---------------  T H R E A D  ---------------

Current thread (0x000001341da32000):  JavaThread "C2 CompilerThread0" daemon [_thread_in_native, id=12972, stack(0x0000002a0d200000,0x0000002a0d300000)]


Current CompileTask:
C2:  10263 4349   !   4       com.google.inject.spi.InjectionPoint::getInjectionPoints (489 bytes)

Stack: [0x0000002a0d200000,0x0000002a0d300000]
Native frames: (J=compiled Java code, j=interpreted, Vv=VM code, C=native code)
V  [jvm.dll+0x62a3ea]
V  [jvm.dll+0x76418f]
V  [jvm.dll+0x765839]
V  [jvm.dll+0x765ec3]
V  [jvm.dll+0x23da98]
V  [jvm.dll+0xb2c7b]
V  [jvm.dll+0xb2fdc]
V  [jvm.dll+0xb2b2b]
V  [jvm.dll+0x60a6ef]
V  [jvm.dll+0x659be3]
V  [jvm.dll+0x18ccfd]
V  [jvm.dll+0x1f85b2]
V  [jvm.dll+0x1f768d]
V  [jvm.dll+0x177c81]
V  [jvm.dll+0x207006]
V  [jvm.dll+0x20519b]
V  [jvm.dll+0x729fa0]
V  [jvm.dll+0x722b74]
V  [jvm.dll+0x629286]
C  [ucrtbase.dll+0x21bb2]
C  [KERNEL32.DLL+0x174b4]
C  [ntdll.dll+0x526a1]


---------------  P R O C E S S  ---------------

Threads class SMR info:
_java_thread_list=0x000001341ffa5ce0, length=10, elements={
0x000001347cfb6000, 0x000001341da0d000, 0x000001341da0e800, 0x000001341da28800,
0x000001341da2b800, 0x000001341da2e000, 0x000001341da32000, 0x000001341da69800,
0x000001341da6a800, 0x000001341e492000
}

Java Threads: ( => current thread )
  0x000001347cfb6000 JavaThread "main" [_thread_in_vm, id=15328, stack(0x0000002a0c600000,0x0000002a0c700000)]
  0x000001341da0d000 JavaThread "Reference Handler" daemon [_thread_blocked, id=15660, stack(0x0000002a0cd00000,0x0000002a0ce00000)]
  0x000001341da0e800 JavaThread "Finalizer" daemon [_thread_blocked, id=15312, stack(0x0000002a0ce00000,0x0000002a0cf00000)]
  0x000001341da28800 JavaThread "Signal Dispatcher" daemon [_thread_blocked, id=13604, stack(0x0000002a0cf00000,0x0000002a0d000000)]
  0x000001341da2b800 JavaThread "Attach Listener" daemon [_thread_blocked, id=15308, stack(0x0000002a0d000000,0x0000002a0d100000)]
  0x000001341da2e000 JavaThread "Service Thread" daemon [_thread_blocked, id=11132, stack(0x0000002a0d100000,0x0000002a0d200000)]
=>0x000001341da32000 JavaThread "C2 CompilerThread0" daemon [_thread_in_native, id=12972, stack(0x0000002a0d200000,0x0000002a0d300000)]
  0x000001341da69800 JavaThread "C1 CompilerThread0" daemon [_thread_in_native, id=15432, stack(0x0000002a0d300000,0x0000002a0d400000)]
  0x000001341da6a800 JavaThread "Sweeper thread" daemon [_thread_blocked, id=15608, stack(0x0000002a0d400000,0x0000002a0d500000)]
  0x000001341e492000 JavaThread "Common-Cleaner" daemon [_thread_blocked, id=15656, stack(0x0000002a0d600000,0x0000002a0d700000)]

Other Threads:
  0x000001341da09800 VMThread "VM Thread" [stack: 0x0000002a0cc00000,0x0000002a0cd00000] [id=15672]
  0x000001341e48d000 WatcherThread [stack: 0x0000002a0d500000,0x0000002a0d600000] [id=15604]
  0x000001347cfcb800 GCTaskThread "GC Thread#0" [stack: 0x0000002a0c700000,0x0000002a0c800000] [id=5696]
  0x000001341e93d000 GCTaskThread "GC Thread#1" [stack: 0x0000002a0d700000,0x0000002a0d800000] [id=16112]
  0x000001347cffb800 ConcurrentGCThread "G1 Main Marker" [stack: 0x0000002a0c800000,0x0000002a0c900000] [id=13340]
  0x000001347cffe000 ConcurrentGCThread "G1 Conc#0" [stack: 0x0000002a0c900000,0x0000002a0ca00000] [id=14972]
  0x000001347d084800 ConcurrentGCThread "G1 Refine#0" [stack: 0x0000002a0ca00000,0x0000002a0cb00000] [id=14804]
  0x000001347d086000 ConcurrentGCThread "G1 Young RemSet Sampling" [stack: 0x0000002a0cb00000,0x0000002a0cc00000] [id=15668]

Threads with active compile tasks:
C2 CompilerThread0    10315 4349   !   4       com.google.inject.spi.InjectionPoint::getInjectionPoints (489 bytes)
C1 CompilerThread0    10316 4611       2       org.apache.maven.model.building.DefaultModelBuilder::build (1076 bytes)

VM state:not at safepoint (normal execution)

VM Mutex/Monitor currently owned by a thread: None

Heap address: 0x0000000080000000, size: 2048 MB, Compressed Oops mode: 32-bit
Narrow klass base: 0x0000000000000000, Narrow klass shift: 3
Compressed class space size: 1073741824 Address: 0x0000000100000000

Heap:
 garbage-first heap   total 157696K, used 121852K [0x0000000080000000, 0x0000000100000000)
  region size 1024K, 77 young (78848K), 5 survivors (5120K)
 Metaspace       used 28320K, capacity 29048K, committed 29184K, reserved 1075200K
  class space    used 2984K, capacity 3235K, committed 3328K, reserved 1048576K
Heap Regions: E=young(eden), S=young(survivor), O=old, HS=humongous(starts), HC=humongous(continues), CS=collection set, F=free, A=archive, TAMS=top-at-mark-start (previous, next)
|   0|0x0000000080000000, 0x0000000080100000, 0x0000000080100000|100%| O|  |TAMS 0x0000000080100000, 0x0000000080000000| Untracked 
|   1|0x0000000080100000, 0x0000000080200000, 0x0000000080200000|100%| O|  |TAMS 0x0000000080200000, 0x0000000080100000| Untracked 
|   2|0x0000000080200000, 0x0000000080300000, 0x0000000080300000|100%| O|  |TAMS 0x0000000080215e00, 0x0000000080200000| Untracked 
|   3|0x0000000080300000, 0x0000000080400000, 0x0000000080400000|100%| O|  |TAMS 0x0000000080300000, 0x0000000080300000| Untracked 
|   4|0x0000000080400000, 0x0000000080500000, 0x0000000080500000|100%| O|  |TAMS 0x0000000080400000, 0x0000000080400000| Untracked 
|   5|0x0000000080500000, 0x0000000080600000, 0x0000000080600000|100%| O|  |TAMS 0x0000000080500000, 0x0000000080500000| Untracked 
|   6|0x0000000080600000, 0x0000000080700000, 0x0000000080700000|100%| O|  |TAMS 0x0000000080600000, 0x0000000080600000| Untracked 
|   7|0x0000000080700000, 0x0000000080800000, 0x0000000080800000|100%| O|  |TAMS 0x0000000080700000, 0x0000000080700000| Untracked 
|   8|0x0000000080800000, 0x0000000080900000, 0x0000000080900000|100%| O|  |TAMS 0x0000000080800000, 0x0000000080800000| Untracked 
|   9|0x0000000080900000, 0x0000000080a00000, 0x0000000080a00000|100%| O|  |TAMS 0x0000000080900000, 0x0000000080900000| Untracked 
|  10|0x0000000080a00000, 0x0000000080b00000, 0x0000000080b00000|100%| O|  |TAMS 0x0000000080a00000, 0x0000000080a00000| Untracked 
|  11|0x0000000080b00000, 0x0000000080c00000, 0x0000000080c00000|100%| O|  |TAMS 0x0000000080b00000, 0x0000000080b00000| Untracked 
|  12|0x0000000080c00000, 0x0000000080d00000, 0x0000000080d00000|100%| O|  |TAMS 0x0000000080c00000, 0x0000000080c00000| Untracked 
|  13|0x0000000080d00000, 0x0000000080d7f000, 0x0000000080e00000| 49%| O|  |TAMS 0x0000000080d00000, 0x0000000080d00000| Untracked 
|  14|0x0000000080e00000, 0x0000000080f00000, 0x0000000080f00000|100%|HS|  |TAMS 0x0000000080e00000, 0x0000000080e00000| Complete 
|  15|0x0000000080f00000, 0x0000000081000000, 0x0000000081000000|100%|HC|  |TAMS 0x0000000080f00000, 0x0000000080f00000| Complete 
|  16|0x0000000081000000, 0x0000000081100000, 0x0000000081100000|100%|HC|  |TAMS 0x0000000081000000, 0x0000000081000000| Complete 
|  17|0x0000000081100000, 0x0000000081200000, 0x0000000081200000|100%|HC|  |TAMS 0x0000000081100000, 0x0000000081100000| Complete 
|  18|0x0000000081200000, 0x0000000081300000, 0x0000000081300000|100%|HC|  |TAMS 0x0000000081200000, 0x0000000081200000| Complete 
|  19|0x0000000081300000, 0x0000000081400000, 0x0000000081400000|100%|HS|  |TAMS 0x0000000081300000, 0x0000000081300000| Complete 
|  20|0x0000000081400000, 0x0000000081500000, 0x0000000081500000|100%|HC|  |TAMS 0x0000000081400000, 0x0000000081400000| Complete 
|  21|0x0000000081500000, 0x0000000081600000, 0x0000000081600000|100%|HC|  |TAMS 0x0000000081500000, 0x0000000081500000| Complete 
|  22|0x0000000081600000, 0x0000000081700000, 0x0000000081700000|100%|HC|  |TAMS 0x0000000081600000, 0x0000000081600000| Complete 
|  23|0x0000000081700000, 0x0000000081800000, 0x0000000081800000|100%|HC|  |TAMS 0x0000000081700000, 0x0000000081700000| Complete 
|  24|0x0000000081800000, 0x0000000081900000, 0x0000000081900000|100%|HS|  |TAMS 0x0000000081800000, 0x0000000081800000| Complete 
|  25|0x0000000081900000, 0x0000000081a00000, 0x0000000081a00000|100%|HC|  |TAMS 0x0000000081900000, 0x0000000081900000| Complete 
|  26|0x0000000081a00000, 0x0000000081b00000, 0x0000000081b00000|100%|HC|  |TAMS 0x0000000081a00000, 0x0000000081a00000| Complete 
|  27|0x0000000081b00000, 0x0000000081c00000, 0x0000000081c00000|100%|HC|  |TAMS 0x0000000081b00000, 0x0000000081b00000| Complete 
|  28|0x0000000081c00000, 0x0000000081d00000, 0x0000000081d00000|100%|HC|  |TAMS 0x0000000081c00000, 0x0000000081c00000| Complete 
|  29|0x0000000081d00000, 0x0000000081e00000, 0x0000000081e00000|100%|HS|  |TAMS 0x0000000081d00000, 0x0000000081d00000| Complete 
|  30|0x0000000081e00000, 0x0000000081f00000, 0x0000000081f00000|100%|HC|  |TAMS 0x0000000081e00000, 0x0000000081e00000| Complete 
|  31|0x0000000081f00000, 0x0000000082000000, 0x0000000082000000|100%|HC|  |TAMS 0x0000000081f00000, 0x0000000081f00000| Complete 
|  32|0x0000000082000000, 0x0000000082100000, 0x0000000082100000|100%|HC|  |TAMS 0x0000000082000000, 0x0000000082000000| Complete 
|  33|0x0000000082100000, 0x0000000082200000, 0x0000000082200000|100%|HC|  |TAMS 0x0000000082100000, 0x0000000082100000| Complete 
|  34|0x0000000082200000, 0x0000000082300000, 0x0000000082300000|100%|HS|  |TAMS 0x0000000082200000, 0x0000000082200000| Complete 
|  35|0x0000000082300000, 0x0000000082400000, 0x0000000082400000|100%|HC|  |TAMS 0x0000000082300000, 0x0000000082300000| Complete 
|  36|0x0000000082400000, 0x0000000082500000, 0x0000000082500000|100%|HC|  |TAMS 0x0000000082400000, 0x0000000082400000| Complete 
|  37|0x0000000082500000, 0x0000000082600000, 0x0000000082600000|100%|HC|  |TAMS 0x0000000082500000, 0x0000000082500000| Complete 
|  38|0x0000000082600000, 0x0000000082700000, 0x0000000082700000|100%|HC|  |TAMS 0x0000000082600000, 0x0000000082600000| Complete 
|  39|0x0000000082700000, 0x0000000082800000, 0x0000000082800000|100%|HS|  |TAMS 0x0000000082700000, 0x0000000082700000| Complete 
|  40|0x0000000082800000, 0x0000000082900000, 0x0000000082900000|100%|HC|  |TAMS 0x0000000082800000, 0x0000000082800000| Complete 
|  41|0x0000000082900000, 0x0000000082a00000, 0x0000000082a00000|100%|HC|  |TAMS 0x0000000082900000, 0x0000000082900000| Complete 
|  42|0x0000000082a00000, 0x0000000082b00000, 0x0000000082b00000|100%|HC|  |TAMS 0x0000000082a00000, 0x0000000082a00000| Complete 
|  43|0x0000000082b00000, 0x0000000082c00000, 0x0000000082c00000|100%|HC|  |TAMS 0x0000000082b00000, 0x0000000082b00000| Complete 
|  44|0x0000000082c00000, 0x0000000082c00000, 0x0000000082d00000|  0%| F|  |TAMS 0x0000000082c00000, 0x0000000082c00000| Untracked 
|  45|0x0000000082d00000, 0x0000000082d00000, 0x0000000082e00000|  0%| F|  |TAMS 0x0000000082d00000, 0x0000000082d00000| Untracked 
|  46|0x0000000082e00000, 0x0000000082e00000, 0x0000000082f00000|  0%| F|  |TAMS 0x0000000082e00000, 0x0000000082e00000| Untracked 
|  47|0x0000000082f00000, 0x0000000082f00000, 0x0000000083000000|  0%| F|  |TAMS 0x0000000082f00000, 0x0000000082f00000| Untracked 
|  48|0x0000000083000000, 0x0000000083000000, 0x0000000083100000|  0%| F|  |TAMS 0x0000000083000000, 0x0000000083000000| Untracked 
|  49|0x0000000083100000, 0x0000000083100000, 0x0000000083200000|  0%| F|  |TAMS 0x0000000083100000, 0x0000000083100000| Untracked 
|  50|0x0000000083200000, 0x0000000083200000, 0x0000000083300000|  0%| F|  |TAMS 0x0000000083200000, 0x0000000083200000| Untracked 
|  51|0x0000000083300000, 0x0000000083300000, 0x0000000083400000|  0%| F|  |TAMS 0x0000000083300000, 0x0000000083300000| Untracked 
|  52|0x0000000083400000, 0x0000000083400000, 0x0000000083500000|  0%| F|  |TAMS 0x0000000083400000, 0x0000000083400000| Untracked 
|  53|0x0000000083500000, 0x0000000083500000, 0x0000000083600000|  0%| F|  |TAMS 0x0000000083500000, 0x0000000083500000| Untracked 
|  54|0x0000000083600000, 0x0000000083600000, 0x0000000083700000|  0%| F|  |TAMS 0x0000000083600000, 0x0000000083600000| Untracked 
|  55|0x0000000083700000, 0x0000000083700000, 0x0000000083800000|  0%| F|  |TAMS 0x0000000083700000, 0x0000000083700000| Untracked 
|  56|0x0000000083800000, 0x0000000083800000, 0x0000000083900000|  0%| F|  |TAMS 0x0000000083800000, 0x0000000083800000| Untracked 
|  57|0x0000000083900000, 0x0000000083900000, 0x0000000083a00000|  0%| F|  |TAMS 0x0000000083900000, 0x0000000083900000| Untracked 
|  58|0x0000000083a00000, 0x0000000083a00000, 0x0000000083b00000|  0%| F|  |TAMS 0x0000000083a00000, 0x0000000083a00000| Untracked 
|  59|0x0000000083b00000, 0x0000000083b00000, 0x0000000083c00000|  0%| F|  |TAMS 0x0000000083b00000, 0x0000000083b00000| Untracked 
|  60|0x0000000083c00000, 0x0000000083c00000, 0x0000000083d00000|  0%| F|  |TAMS 0x0000000083c00000, 0x0000000083c00000| Untracked 
|  61|0x0000000083d00000, 0x0000000083d00000, 0x0000000083e00000|  0%| F|  |TAMS 0x0000000083d00000, 0x0000000083d00000| Untracked 
|  62|0x0000000083e00000, 0x0000000083e00000, 0x0000000083f00000|  0%| F|  |TAMS 0x0000000083e00000, 0x0000000083e00000| Untracked 
|  63|0x0000000083f00000, 0x0000000083f00000, 0x0000000084000000|  0%| F|  |TAMS 0x0000000083f00000, 0x0000000083f00000| Untracked 
|  64|0x0000000084000000, 0x0000000084000000, 0x0000000084100000|  0%| F|  |TAMS 0x0000000084000000, 0x0000000084000000| Untracked 
|  65|0x0000000084100000, 0x0000000084100000, 0x0000000084200000|  0%| F|  |TAMS 0x0000000084100000, 0x0000000084100000| Untracked 
|  66|0x0000000084200000, 0x0000000084200000, 0x0000000084300000|  0%| F|  |TAMS 0x0000000084200000, 0x0000000084200000| Untracked 
|  67|0x0000000084300000, 0x0000000084300000, 0x0000000084400000|  0%| F|  |TAMS 0x0000000084300000, 0x0000000084300000| Untracked 
|  68|0x0000000084400000, 0x0000000084400000, 0x0000000084500000|  0%| F|  |TAMS 0x0000000084400000, 0x0000000084400000| Untracked 
|  69|0x0000000084500000, 0x0000000084500000, 0x0000000084600000|  0%| F|  |TAMS 0x0000000084500000, 0x0000000084500000| Untracked 
|  70|0x0000000084600000, 0x0000000084680000, 0x0000000084700000| 50%| S|CS|TAMS 0x0000000084600000, 0x0000000084600000| Complete 
|  71|0x0000000084700000, 0x0000000084800000, 0x0000000084800000|100%| S|CS|TAMS 0x0000000084700000, 0x0000000084700000| Complete 
|  72|0x0000000084800000, 0x0000000084800000, 0x0000000084900000|  0%| F|  |TAMS 0x0000000084800000, 0x0000000084800000| Untracked 
|  73|0x0000000084900000, 0x0000000084900000, 0x0000000084a00000|  0%| F|  |TAMS 0x0000000084900000, 0x0000000084900000| Untracked 
|  74|0x0000000084a00000, 0x0000000084a00000, 0x0000000084b00000|  0%| F|  |TAMS 0x0000000084a00000, 0x0000000084a00000| Untracked 
|  75|0x0000000084b00000, 0x0000000084b00000, 0x0000000084c00000|  0%| F|  |TAMS 0x0000000084b00000, 0x0000000084b00000| Untracked 
|  76|0x0000000084c00000, 0x0000000084c00000, 0x0000000084d00000|  0%| F|  |TAMS 0x0000000084c00000, 0x0000000084c00000| Untracked 
|  77|0x0000000084d00000, 0x0000000084d00000, 0x0000000084e00000|  0%| F|  |TAMS 0x0000000084d00000, 0x0000000084d00000| Untracked 
|  78|0x0000000084e00000, 0x0000000084e00000, 0x0000000084f00000|  0%| F|  |TAMS 0x0000000084e00000, 0x0000000084e00000| Untracked 
|  79|0x0000000084f00000, 0x0000000084f81010, 0x0000000085000000| 50%| E|  |TAMS 0x0000000084f00000, 0x0000000084f00000| Complete 
|  80|0x0000000085000000, 0x0000000085100000, 0x0000000085100000|100%| E|CS|TAMS 0x0000000085000000, 0x0000000085000000| Complete 
|  81|0x0000000085100000, 0x0000000085200000, 0x0000000085200000|100%| E|CS|TAMS 0x0000000085100000, 0x0000000085100000| Complete 
|  82|0x0000000085200000, 0x0000000085300000, 0x0000000085300000|100%| E|CS|TAMS 0x0000000085200000, 0x0000000085200000| Complete 
|  83|0x0000000085300000, 0x0000000085400000, 0x0000000085400000|100%| E|CS|TAMS 0x0000000085300000, 0x0000000085300000| Complete 
|  84|0x0000000085400000, 0x0000000085500000, 0x0000000085500000|100%| S|CS|TAMS 0x0000000085400000, 0x0000000085400000| Complete 
|  85|0x0000000085500000, 0x0000000085600000, 0x0000000085600000|100%| S|CS|TAMS 0x0000000085500000, 0x0000000085500000| Complete 
|  86|0x0000000085600000, 0x0000000085700000, 0x0000000085700000|100%| S|CS|TAMS 0x0000000085600000, 0x0000000085600000| Complete 
|  87|0x0000000085700000, 0x0000000085800000, 0x0000000085800000|100%| E|CS|TAMS 0x0000000085700000, 0x0000000085700000| Complete 
|  88|0x0000000085800000, 0x0000000085900000, 0x0000000085900000|100%| E|CS|TAMS 0x0000000085800000, 0x0000000085800000| Complete 
|  89|0x0000000085900000, 0x0000000085a00000, 0x0000000085a00000|100%| E|CS|TAMS 0x0000000085900000, 0x0000000085900000| Complete 
|  90|0x0000000085a00000, 0x0000000085b00000, 0x0000000085b00000|100%| E|CS|TAMS 0x0000000085a00000, 0x0000000085a00000| Complete 
|  91|0x0000000085b00000, 0x0000000085c00000, 0x0000000085c00000|100%| E|CS|TAMS 0x0000000085b00000, 0x0000000085b00000| Complete 
|  92|0x0000000085c00000, 0x0000000085d00000, 0x0000000085d00000|100%| E|CS|TAMS 0x0000000085c00000, 0x0000000085c00000| Complete 
|  93|0x0000000085d00000, 0x0000000085e00000, 0x0000000085e00000|100%| E|CS|TAMS 0x0000000085d00000, 0x0000000085d00000| Complete 
|  94|0x0000000085e00000, 0x0000000085f00000, 0x0000000085f00000|100%| E|CS|TAMS 0x0000000085e00000, 0x0000000085e00000| Complete 
|  95|0x0000000085f00000, 0x0000000086000000, 0x0000000086000000|100%| E|CS|TAMS 0x0000000085f00000, 0x0000000085f00000| Complete 
|  96|0x0000000086000000, 0x0000000086100000, 0x0000000086100000|100%| E|CS|TAMS 0x0000000086000000, 0x0000000086000000| Complete 
|  97|0x0000000086100000, 0x0000000086200000, 0x0000000086200000|100%| E|CS|TAMS 0x0000000086100000, 0x0000000086100000| Complete 
|  98|0x0000000086200000, 0x0000000086300000, 0x0000000086300000|100%| E|CS|TAMS 0x0000000086200000, 0x0000000086200000| Complete 
|  99|0x0000000086300000, 0x0000000086400000, 0x0000000086400000|100%| E|CS|TAMS 0x0000000086300000, 0x0000000086300000| Complete 
| 100|0x0000000086400000, 0x0000000086500000, 0x0000000086500000|100%| E|CS|TAMS 0x0000000086400000, 0x0000000086400000| Complete 
| 101|0x0000000086500000, 0x0000000086600000, 0x0000000086600000|100%| E|CS|TAMS 0x0000000086500000, 0x0000000086500000| Complete 
| 102|0x0000000086600000, 0x0000000086700000, 0x0000000086700000|100%| E|CS|TAMS 0x0000000086600000, 0x0000000086600000| Complete 
| 103|0x0000000086700000, 0x0000000086800000, 0x0000000086800000|100%| E|CS|TAMS 0x0000000086700000, 0x0000000086700000| Complete 
| 104|0x0000000086800000, 0x0000000086900000, 0x0000000086900000|100%| E|CS|TAMS 0x0000000086800000, 0x0000000086800000| Complete 
| 105|0x0000000086900000, 0x0000000086a00000, 0x0000000086a00000|100%| E|CS|TAMS 0x0000000086900000, 0x0000000086900000| Complete 
| 106|0x0000000086a00000, 0x0000000086b00000, 0x0000000086b00000|100%| E|CS|TAMS 0x0000000086a00000, 0x0000000086a00000| Complete 
| 107|0x0000000086b00000, 0x0000000086c00000, 0x0000000086c00000|100%| E|CS|TAMS 0x0000000086b00000, 0x0000000086b00000| Complete 
| 108|0x0000000086c00000, 0x0000000086d00000, 0x0000000086d00000|100%| E|CS|TAMS 0x0000000086c00000, 0x0000000086c00000| Complete 
| 109|0x0000000086d00000, 0x0000000086e00000, 0x0000000086e00000|100%| E|CS|TAMS 0x0000000086d00000, 0x0000000086d00000| Complete 
| 110|0x0000000086e00000, 0x0000000086f00000, 0x0000000086f00000|100%| E|CS|TAMS 0x0000000086e00000, 0x0000000086e00000| Complete 
| 111|0x0000000086f00000, 0x0000000087000000, 0x0000000087000000|100%| E|CS|TAMS 0x0000000086f00000, 0x0000000086f00000| Complete 
| 112|0x0000000087000000, 0x0000000087100000, 0x0000000087100000|100%| E|CS|TAMS 0x0000000087000000, 0x0000000087000000| Complete 
| 113|0x0000000087100000, 0x0000000087200000, 0x0000000087200000|100%| E|CS|TAMS 0x0000000087100000, 0x0000000087100000| Complete 
| 114|0x0000000087200000, 0x0000000087300000, 0x0000000087300000|100%| E|CS|TAMS 0x0000000087200000, 0x0000000087200000| Complete 
| 115|0x0000000087300000, 0x0000000087400000, 0x0000000087400000|100%| E|CS|TAMS 0x0000000087300000, 0x0000000087300000| Complete 
| 116|0x0000000087400000, 0x0000000087500000, 0x0000000087500000|100%| E|CS|TAMS 0x0000000087400000, 0x0000000087400000| Complete 
| 117|0x0000000087500000, 0x0000000087600000, 0x0000000087600000|100%| E|CS|TAMS 0x0000000087500000, 0x0000000087500000| Complete 
| 118|0x0000000087600000, 0x0000000087700000, 0x0000000087700000|100%| E|CS|TAMS 0x0000000087600000, 0x0000000087600000| Complete 
| 119|0x0000000087700000, 0x0000000087800000, 0x0000000087800000|100%| E|CS|TAMS 0x0000000087700000, 0x0000000087700000| Complete 
| 120|0x0000000087800000, 0x0000000087900000, 0x0000000087900000|100%| E|CS|TAMS 0x0000000087800000, 0x0000000087800000| Complete 
| 121|0x0000000087900000, 0x0000000087a00000, 0x0000000087a00000|100%| E|CS|TAMS 0x0000000087900000, 0x0000000087900000| Complete 
| 122|0x0000000087a00000, 0x0000000087b00000, 0x0000000087b00000|100%| E|CS|TAMS 0x0000000087a00000, 0x0000000087a00000| Complete 
| 123|0x0000000087b00000, 0x0000000087c00000, 0x0000000087c00000|100%| E|CS|TAMS 0x0000000087b00000, 0x0000000087b00000| Complete 
| 124|0x0000000087c00000, 0x0000000087d00000, 0x0000000087d00000|100%| E|CS|TAMS 0x0000000087c00000, 0x0000000087c00000| Complete 
| 125|0x0000000087d00000, 0x0000000087e00000, 0x0000000087e00000|100%| E|CS|TAMS 0x0000000087d00000, 0x0000000087d00000| Complete 
| 126|0x0000000087e00000, 0x0000000087f00000, 0x0000000087f00000|100%| E|CS|TAMS 0x0000000087e00000, 0x0000000087e00000| Complete 
| 127|0x0000000087f00000, 0x0000000088000000, 0x0000000088000000|100%| E|CS|TAMS 0x0000000087f00000, 0x0000000087f00000| Complete 
| 128|0x0000000088000000, 0x0000000088100000, 0x0000000088100000|100%| E|CS|TAMS 0x0000000088000000, 0x0000000088000000| Complete 
| 129|0x0000000088100000, 0x0000000088200000, 0x0000000088200000|100%| E|CS|TAMS 0x0000000088100000, 0x0000000088100000| Complete 
| 130|0x0000000088200000, 0x0000000088300000, 0x0000000088300000|100%| E|CS|TAMS 0x0000000088200000, 0x0000000088200000| Complete 
| 131|0x0000000088300000, 0x0000000088400000, 0x0000000088400000|100%| E|CS|TAMS 0x0000000088300000, 0x0000000088300000| Complete 
| 132|0x0000000088400000, 0x0000000088500000, 0x0000000088500000|100%| E|CS|TAMS 0x0000000088400000, 0x0000000088400000| Complete 
| 133|0x0000000088500000, 0x0000000088600000, 0x0000000088600000|100%| E|CS|TAMS 0x0000000088500000, 0x0000000088500000| Complete 
| 134|0x0000000088600000, 0x0000000088700000, 0x0000000088700000|100%| E|CS|TAMS 0x0000000088600000, 0x0000000088600000| Complete 
| 135|0x0000000088700000, 0x0000000088800000, 0x0000000088800000|100%| E|CS|TAMS 0x0000000088700000, 0x0000000088700000| Complete 
| 136|0x0000000088800000, 0x0000000088900000, 0x0000000088900000|100%| E|CS|TAMS 0x0000000088800000, 0x0000000088800000| Complete 
| 137|0x0000000088900000, 0x0000000088a00000, 0x0000000088a00000|100%| E|CS|TAMS 0x0000000088900000, 0x0000000088900000| Complete 
| 138|0x0000000088a00000, 0x0000000088b00000, 0x0000000088b00000|100%| E|CS|TAMS 0x0000000088a00000, 0x0000000088a00000| Complete 
| 139|0x0000000088b00000, 0x0000000088c00000, 0x0000000088c00000|100%| E|CS|TAMS 0x0000000088b00000, 0x0000000088b00000| Complete 
| 140|0x0000000088c00000, 0x0000000088d00000, 0x0000000088d00000|100%| E|CS|TAMS 0x0000000088c00000, 0x0000000088c00000| Complete 
| 141|0x0000000088d00000, 0x0000000088e00000, 0x0000000088e00000|100%| E|CS|TAMS 0x0000000088d00000, 0x0000000088d00000| Complete 
| 142|0x0000000088e00000, 0x0000000088f00000, 0x0000000088f00000|100%| E|CS|TAMS 0x0000000088e00000, 0x0000000088e00000| Complete 
| 143|0x0000000088f00000, 0x0000000089000000, 0x0000000089000000|100%| E|CS|TAMS 0x0000000088f00000, 0x0000000088f00000| Complete 
| 144|0x0000000089000000, 0x0000000089100000, 0x0000000089100000|100%| E|CS|TAMS 0x0000000089000000, 0x0000000089000000| Complete 
| 145|0x0000000089100000, 0x0000000089200000, 0x0000000089200000|100%| E|CS|TAMS 0x0000000089100000, 0x0000000089100000| Complete 
| 146|0x0000000089200000, 0x0000000089300000, 0x0000000089300000|100%| E|CS|TAMS 0x0000000089200000, 0x0000000089200000| Complete 
| 147|0x0000000089300000, 0x0000000089400000, 0x0000000089400000|100%| E|CS|TAMS 0x0000000089300000, 0x0000000089300000| Complete 
| 148|0x0000000089400000, 0x0000000089500000, 0x0000000089500000|100%| E|CS|TAMS 0x0000000089400000, 0x0000000089400000| Complete 
| 149|0x0000000089500000, 0x0000000089600000, 0x0000000089600000|100%| E|CS|TAMS 0x0000000089500000, 0x0000000089500000| Complete 
| 150|0x0000000089600000, 0x0000000089700000, 0x0000000089700000|100%| E|CS|TAMS 0x0000000089600000, 0x0000000089600000| Complete 
| 151|0x0000000089700000, 0x0000000089800000, 0x0000000089800000|100%| E|CS|TAMS 0x0000000089700000, 0x0000000089700000| Complete 
| 152|0x0000000089800000, 0x0000000089900000, 0x0000000089900000|100%| E|CS|TAMS 0x0000000089800000, 0x0000000089800000| Complete 
| 153|0x0000000089900000, 0x0000000089a00000, 0x0000000089a00000|100%| E|CS|TAMS 0x0000000089900000, 0x0000000089900000| Complete 

Card table byte_map: [0x0000013416e00000,0x0000013417200000] _byte_map_base: 0x0000013416a00000

Marking Bits (Prev, Next): (CMBitMap*) 0x000001347cff2c70, (CMBitMap*) 0x000001347cff2c38
 Prev Bits: [0x0000013419600000, 0x000001341b600000)
 Next Bits: [0x0000013417600000, 0x0000013419600000)

Polling page: 0x0000013400000000

Metaspace:

Usage:
  Non-class:     25.21 MB capacity,    24.74 MB ( 98%) used,   441.93 KB (  2%) free+waste,    35.13 KB ( <1%) overhead. 
      Class:      3.16 MB capacity,     2.91 MB ( 92%) used,   236.17 KB (  7%) free+waste,    14.56 KB ( <1%) overhead. 
       Both:     28.37 MB capacity,    27.66 MB ( 97%) used,   678.10 KB (  2%) free+waste,    49.69 KB ( <1%) overhead. 

Virtual space:
  Non-class space:       26.00 MB reserved,      25.25 MB ( 97%) committed 
      Class space:        1.00 GB reserved,       3.25 MB ( <1%) committed 
             Both:        1.03 GB reserved,      28.50 MB (  3%) committed 

Chunk freelists:
   Non-Class:  5.38 KB
       Class:  3.63 KB
        Both:  9.00 KB

CodeHeap 'non-profiled nmethods': size=120064Kb used=2204Kb max_used=2204Kb free=117859Kb
 bounds [0x000001340f0b0000, 0x000001340f320000, 0x00000134165f0000]
CodeHeap 'profiled nmethods': size=120000Kb used=10225Kb max_used=10225Kb free=109775Kb
 bounds [0x0000013407b80000, 0x0000013408580000, 0x000001340f0b0000]
CodeHeap 'non-nmethods': size=5696Kb used=1152Kb max_used=1174Kb free=4543Kb
 bounds [0x00000134075f0000, 0x0000013407860000, 0x0000013407b80000]
 total_blobs=5054 nmethods=4582 adapters=383
 compilation: enabled
              stopped_count=0, restarted_count=0
 full_count=0

Compilation events (10 events):
Event: 10.202 Thread 0x000001341da69800 nmethod 4588 0x0000013408566990 code [0x0000013408566b40, 0x0000013408566d38]
Event: 10.204 Thread 0x000001341da69800 4589       2       org.apache.maven.model.merge.ModelMerger::mergeParent_RelativePath (43 bytes)
Event: 10.208 Thread 0x000001341da69800 nmethod 4589 0x0000013408566e90 code [0x0000013408567040, 0x0000013408567238]
Event: 10.209 Thread 0x000001341da69800 4590       2       org.eclipse.aether.artifact.DefaultArtifact::<init> (62 bytes)
Event: 10.210 Thread 0x000001341da69800 nmethod 4590 0x0000013408567390 code [0x0000013408567560, 0x0000013408567ad8]
Event: 10.213 Thread 0x000001341da69800 4591       2       org.apache.maven.model.io.DefaultModelReader::isStrict (37 bytes)
Event: 10.214 Thread 0x000001341da69800 nmethod 4591 0x0000013408567c10 code [0x0000013408567dc0, 0x0000013408567f88]
Event: 10.214 Thread 0x000001341da69800 4592   !   2       org.apache.maven.model.io.DefaultModelReader::read (58 bytes)
Event: 10.214 Thread 0x000001341da69800 nmethod 4592 0x0000013408568090 code [0x00000134085682a0, 0x0000013408568798]
Event: 10.216 Thread 0x000001341da69800 4593       2       org.apache.maven.model.validation.DefaultModelValidator::validateRawModel (751 bytes)

GC Heap History (10 events):
Event: 1.774 GC heap before
{Heap before GC invocations=2 (full 0):
 garbage-first heap   total 131072K, used 15369K [0x0000000080000000, 0x0000000100000000)
  region size 1024K, 14 young (14336K), 1 survivors (1024K)
 Metaspace       used 12400K, capacity 12596K, committed 12672K, reserved 1060864K
  class space    used 1250K, capacity 1348K, committed 1408K, reserved 1048576K
}
Event: 1.779 GC heap after
{Heap after GC invocations=3 (full 0):
 garbage-first heap   total 131072K, used 3615K [0x0000000080000000, 0x0000000100000000)
  region size 1024K, 2 young (2048K), 2 survivors (2048K)
 Metaspace       used 12400K, capacity 12596K, committed 12672K, reserved 1060864K
  class space    used 1250K, capacity 1348K, committed 1408K, reserved 1048576K
}
Event: 2.319 GC heap before
{Heap before GC invocations=3 (full 0):
 garbage-first heap   total 131072K, used 22047K [0x0000000080000000, 0x0000000100000000)
  region size 1024K, 20 young (20480K), 2 survivors (2048K)
 Metaspace       used 14398K, capacity 14583K, committed 14720K, reserved 1062912K
  class space    used 1500K, capacity 1581K, committed 1664K, reserved 1048576K
}
Event: 2.325 GC heap after
{Heap after GC invocations=4 (full 0):
 garbage-first heap   total 131072K, used 4294K [0x0000000080000000, 0x0000000100000000)
  region size 1024K, 3 young (3072K), 3 survivors (3072K)
 Metaspace       used 14398K, capacity 14583K, committed 14720K, reserved 1062912K
  class space    used 1500K, capacity 1581K, committed 1664K, reserved 1048576K
}
Event: 3.854 GC heap before
{Heap before GC invocations=4 (full 0):
 garbage-first heap   total 131072K, used 38086K [0x0000000080000000, 0x0000000100000000)
  region size 1024K, 36 young (36864K), 3 survivors (3072K)
 Metaspace       used 19770K, capacity 20135K, committed 20224K, reserved 1067008K
  class space    used 2116K, capacity 2247K, committed 2304K, reserved 1048576K
}
Event: 3.872 GC heap after
{Heap after GC invocations=5 (full 0):
 garbage-first heap   total 157696K, used 7255K [0x0000000080000000, 0x0000000100000000)
  region size 1024K, 5 young (5120K), 5 survivors (5120K)
 Metaspace       used 19770K, capacity 20135K, committed 20224K, reserved 1067008K
  class space    used 2116K, capacity 2247K, committed 2304K, reserved 1048576K
}
Event: 5.734 GC heap before
{Heap before GC invocations=5 (full 0):
 garbage-first heap   total 157696K, used 72791K [0x0000000080000000, 0x0000000100000000)
  region size 1024K, 70 young (71680K), 5 survivors (5120K)
 Metaspace       used 20965K, capacity 21209K, committed 21248K, reserved 1069056K
  class space    used 2179K, capacity 2284K, committed 2304K, reserved 1048576K
}
Event: 5.766 GC heap after
{Heap after GC invocations=6 (full 0):
 garbage-first heap   total 157696K, used 14251K [0x0000000080000000, 0x0000000100000000)
  region size 1024K, 12 young (12288K), 12 survivors (12288K)
 Metaspace       used 20965K, capacity 21209K, committed 21248K, reserved 1069056K
  class space    used 2179K, capacity 2284K, committed 2304K, reserved 1048576K
}
Event: 8.213 GC heap before
{Heap before GC invocations=7 (full 0):
 garbage-first heap   total 157696K, used 82859K [0x0000000080000000, 0x0000000100000000)
  region size 1024K, 79 young (80896K), 12 survivors (12288K)
 Metaspace       used 25029K, capacity 25567K, committed 25856K, reserved 1073152K
  class space    used 2590K, capacity 2778K, committed 2816K, reserved 1048576K
}
Event: 8.268 GC heap after
{Heap after GC invocations=8 (full 0):
 garbage-first heap   total 157696K, used 18428K [0x0000000080000000, 0x0000000100000000)
  region size 1024K, 5 young (5120K), 5 survivors (5120K)
 Metaspace       used 25029K, capacity 25567K, committed 25856K, reserved 1073152K
  class space    used 2590K, capacity 2778K, committed 2816K, reserved 1048576K
}

Deoptimization events (10 events):
Event: 8.454 Thread 0x000001347cfb6000 Uncommon trap: reason=profile_predicate action=maybe_recompile pc=0x000001340f28e204 method=java.util.concurrent.ConcurrentHashMap.putAll(Ljava/util/Map;)V @ 28 c2
Event: 8.659 Thread 0x000001347cfb6000 Uncommon trap: reason=unstable_if action=reinterpret pc=0x000001340f253ce0 method=org.codehaus.plexus.interpolation.StringSearchInterpolator.interpolate(Ljava/lang/String;Lorg/codehaus/plexus/interpolation/RecursionInterceptor;Ljava/util/Set;)Ljava/lang/S
Event: 8.695 Thread 0x000001347cfb6000 Uncommon trap: reason=unstable_if action=reinterpret pc=0x000001340f2ae278 method=org.apache.maven.model.interpolation.StringVisitorModelInterpolator$ModelVisitor.visit(Lorg/apache/maven/model/Dependency;)V @ 159 c2
Event: 9.004 Thread 0x000001347cfb6000 Uncommon trap: reason=unstable_if action=reinterpret pc=0x000001340f11c388 method=java.util.jar.Manifest$FastInputStream.readLine([BII)I @ 130 c2
Event: 9.370 Thread 0x000001347cfb6000 Uncommon trap: reason=unstable_if action=reinterpret pc=0x000001340f238928 method=org.codehaus.plexus.classworlds.realm.Entry.matches(Ljava/lang/String;)Z @ 20 c2
Event: 9.486 Thread 0x000001347cfb6000 Uncommon trap: reason=null_assert_or_unreached0 action=make_not_entrant pc=0x000001340f16acbc method=java.util.jar.JarFile.maybeInstantiateVerifier()V @ 4 c2
Event: 9.528 Thread 0x000001347cfb6000 Uncommon trap: reason=class_check action=maybe_recompile pc=0x000001340f271d08 method=java.util.zip.InflaterInputStream.read([BII)I @ 100 c2
Event: 9.533 Thread 0x000001347cfb6000 Uncommon trap: reason=class_check action=maybe_recompile pc=0x000001340f271d08 method=java.util.zip.InflaterInputStream.read([BII)I @ 100 c2
Event: 9.535 Thread 0x000001347cfb6000 Uncommon trap: reason=class_check action=maybe_recompile pc=0x000001340f271d08 method=java.util.zip.InflaterInputStream.read([BII)I @ 100 c2
Event: 9.536 Thread 0x000001347cfb6000 Uncommon trap: reason=class_check action=maybe_recompile pc=0x000001340f271d08 method=java.util.zip.InflaterInputStream.read([BII)I @ 100 c2

Classes redefined (0 events):
No events

Internal exceptions (10 events):
Event: 7.648 Thread 0x000001341fc63000 Exception <a 'java/lang/NoSuchMethodError'{0x0000000086ed5140}: java.lang.invoke.Invokers$Holder.linkToTargetMethod(Ljava/lang/Object;JLjava/lang/Object;)Ljava/lang/Object;> (0x0000000086ed5140) thrown at [./open/src/hotspot/share/interpreter/linkResolver
Event: 9.204 Thread 0x000001347cfb6000 Exception <a 'java/lang/NoClassDefFoundError'{0x00000000870bdb90}: org/sonatype/aether/resolution/ArtifactDescriptorException> (0x00000000870bdb90) thrown at [./open/src/hotspot/share/classfile/systemDictionary.cpp, line 215]
Event: 9.225 Thread 0x000001347cfb6000 Exception <a 'java/lang/NoClassDefFoundError'{0x0000000086ff8880}: org/sonatype/aether/artifact/Artifact> (0x0000000086ff8880) thrown at [./open/src/hotspot/share/classfile/systemDictionary.cpp, line 215]
Event: 9.256 Thread 0x000001347cfb6000 Exception <a 'java/lang/NoClassDefFoundError'{0x0000000086d95750}: org/sonatype/aether/deployment/DeploymentException> (0x0000000086d95750) thrown at [./open/src/hotspot/share/classfile/systemDictionary.cpp, line 215]
Event: 9.268 Thread 0x000001347cfb6000 Exception <a 'java/lang/NoClassDefFoundError'{0x0000000086c2e908}: org/sonatype/aether/version/VersionConstraint> (0x0000000086c2e908) thrown at [./open/src/hotspot/share/classfile/systemDictionary.cpp, line 215]
Event: 9.280 Thread 0x000001347cfb6000 Exception <a 'java/lang/NoClassDefFoundError'{0x0000000086cfb098}: org/sonatype/aether/artifact/Artifact> (0x0000000086cfb098) thrown at [./open/src/hotspot/share/classfile/systemDictionary.cpp, line 215]
Event: 9.291 Thread 0x000001347cfb6000 Exception <a 'java/lang/NoClassDefFoundError'{0x0000000086b86360}: org/sonatype/aether/collection/DependencyCollectionException> (0x0000000086b86360) thrown at [./open/src/hotspot/share/classfile/systemDictionary.cpp, line 215]
Event: 9.294 Thread 0x000001347cfb6000 Exception <a 'java/lang/NoClassDefFoundError'{0x0000000086bbaee8}: org/sonatype/aether/resolution/ArtifactResolutionException> (0x0000000086bbaee8) thrown at [./open/src/hotspot/share/classfile/systemDictionary.cpp, line 215]
Event: 9.310 Thread 0x000001347cfb6000 Exception <a 'java/lang/NoClassDefFoundError'{0x0000000086a80ee8}: org/sonatype/aether/installation/InstallationException> (0x0000000086a80ee8) thrown at [./open/src/hotspot/share/classfile/systemDictionary.cpp, line 215]
Event: 9.480 Thread 0x000001347cfb6000 Exception <a 'java/lang/NoSuchMethodError'{0x000000008678eb88}: java.lang.invoke.DirectMethodHandle$Holder.invokeStaticInit(Ljava/lang/Object;Ljava/lang/Object;)I> (0x000000008678eb88) thrown at [./open/src/hotspot/share/interpreter/linkResolver.cpp, line

Events (10 events):
Event: 10.100 loading class org/codehaus/plexus/util/WriterFactory
Event: 10.100 loading class org/codehaus/plexus/util/WriterFactory done
Event: 10.106 loading class org/apache/maven/artifact/repository/metadata/io/xpp3/MetadataXpp3Writer
Event: 10.106 loading class org/apache/maven/artifact/repository/metadata/io/xpp3/MetadataXpp3Writer done
Event: 10.111 loading class org/eclipse/aether/repository/LocalMetadataRegistration
Event: 10.111 loading class org/eclipse/aether/repository/LocalMetadataRegistration done
Event: 10.113 loading class org/apache/maven/artifact/repository/metadata/ArtifactRepositoryMetadata
Event: 10.113 loading class org/apache/maven/artifact/repository/metadata/ArtifactRepositoryMetadata done
Event: 10.114 loading class org/apache/maven/artifact/repository/metadata/AbstractRepositoryMetadata
Event: 10.114 loading class org/apache/maven/artifact/repository/metadata/AbstractRepositoryMetadata done


Dynamic libraries:
0x00007ff720d30000 - 0x00007ff720d3f000 	C:\Program Files\Java\jdk-11.0.16\bin\java.exe
0x00007ffa87610000 - 0x00007ffa87808000 	C:\Windows\SYSTEM32\ntdll.dll
0x00007ffa86490000 - 0x00007ffa8654f000 	C:\Windows\System32\KERNEL32.DLL
0x00007ffa84e00000 - 0x00007ffa850d2000 	C:\Windows\System32\KERNELBASE.dll
0x00007ffa854c0000 - 0x00007ffa855c0000 	C:\Windows\System32\ucrtbase.dll
0x00007ffa5eca0000 - 0x00007ffa5ecb5000 	C:\Program Files\Java\jdk-11.0.16\bin\VCRUNTIME140.dll
0x00007ffa5ec80000 - 0x00007ffa5ec98000 	C:\Program Files\Java\jdk-11.0.16\bin\jli.dll
0x00007ffa86b40000 - 0x00007ffa86bee000 	C:\Windows\System32\ADVAPI32.dll
0x00007ffa863e0000 - 0x00007ffa8647e000 	C:\Windows\System32\msvcrt.dll
0x00007ffa85bd0000 - 0x00007ffa85c6c000 	C:\Windows\System32\sechost.dll
0x00007ffa85ef0000 - 0x00007ffa86015000 	C:\Windows\System32\RPCRT4.dll
0x00007ffa85d50000 - 0x00007ffa85eed000 	C:\Windows\System32\USER32.dll
0x00007ffa84dd0000 - 0x00007ffa84df2000 	C:\Windows\System32\win32u.dll
0x00007ffa85ba0000 - 0x00007ffa85bcb000 	C:\Windows\System32\GDI32.dll
0x00007ffa66320000 - 0x00007ffa665ba000 	C:\Windows\WinSxS\amd64_microsoft.windows.common-controls_6595b64144ccf1df_6.0.19041.1110_none_60b5254171f9507e\COMCTL32.dll
0x00007ffa852b0000 - 0x00007ffa853bf000 	C:\Windows\System32\gdi32full.dll
0x00007ffa855c0000 - 0x00007ffa8565d000 	C:\Windows\System32\msvcp_win.dll
0x00007ffa7c310000 - 0x00007ffa7c31a000 	C:\Windows\SYSTEM32\VERSION.dll
0x00007ffa86910000 - 0x00007ffa86942000 	C:\Windows\System32\IMM32.DLL
0x00007ffa5eb80000 - 0x00007ffa5ec1b000 	C:\Program Files\Java\jdk-11.0.16\bin\msvcp140.dll
0x00007ffa526d0000 - 0x00007ffa531e8000 	C:\Program Files\Java\jdk-11.0.16\bin\server\jvm.dll
0x00007ffa86480000 - 0x00007ffa86488000 	C:\Windows\System32\PSAPI.DLL
0x00007ffa7cf20000 - 0x00007ffa7cf29000 	C:\Windows\SYSTEM32\WSOCK32.dll
0x00007ffa86810000 - 0x00007ffa8687b000 	C:\Windows\System32\WS2_32.dll
0x00007ffa63a10000 - 0x00007ffa63a37000 	C:\Windows\SYSTEM32\WINMM.dll
0x00007ffa82bb0000 - 0x00007ffa82bc2000 	C:\Windows\SYSTEM32\kernel.appcore.dll
0x00007ffa7ba10000 - 0x00007ffa7ba20000 	C:\Program Files\Java\jdk-11.0.16\bin\verify.dll
0x00007ffa7d590000 - 0x00007ffa7d774000 	C:\Windows\SYSTEM32\DBGHELP.DLL
0x00007ffa7d560000 - 0x00007ffa7d58c000 	C:\Windows\SYSTEM32\dbgcore.DLL
0x00007ffa84d40000 - 0x00007ffa84dc2000 	C:\Windows\System32\bcryptPrimitives.dll
0x00007ffa5eb50000 - 0x00007ffa5eb78000 	C:\Program Files\Java\jdk-11.0.16\bin\java.dll
0x00007ffa694a0000 - 0x00007ffa694aa000 	C:\Program Files\Java\jdk-11.0.16\bin\jimage.dll
0x00007ffa5eb30000 - 0x00007ffa5eb46000 	C:\Program Files\Java\jdk-11.0.16\bin\zip.dll
0x00007ffa86de0000 - 0x00007ffa87523000 	C:\Windows\System32\SHELL32.dll
0x00007ffa82db0000 - 0x00007ffa83542000 	C:\Windows\SYSTEM32\windows.storage.dll
0x00007ffa86020000 - 0x00007ffa86374000 	C:\Windows\System32\combase.dll
0x00007ffa845b0000 - 0x00007ffa845e0000 	C:\Windows\SYSTEM32\Wldp.dll
0x00007ffa85660000 - 0x00007ffa8570d000 	C:\Windows\System32\SHCORE.dll
0x00007ffa869b0000 - 0x00007ffa86a05000 	C:\Windows\System32\shlwapi.dll
0x00007ffa84c50000 - 0x00007ffa84c6f000 	C:\Windows\SYSTEM32\profapi.dll
0x00007ffa55f50000 - 0x00007ffa55f69000 	C:\Program Files\Java\jdk-11.0.16\bin\net.dll
0x00007ffa7bd40000 - 0x00007ffa7be4c000 	C:\Windows\SYSTEM32\WINHTTP.dll
0x00007ffa84390000 - 0x00007ffa843fa000 	C:\Windows\system32\mswsock.dll
0x00007ffa55f30000 - 0x00007ffa55f42000 	C:\Program Files\Java\jdk-11.0.16\bin\nio.dll
0x0000000069ac0000 - 0x0000000069ae4000 	C:\Users\sfjbs\Downloads\micro service-20221125T023524Z-001\micro service\apache-maven-3.8.5-bin\apache-maven-3.8.5\lib\jansi-native\Windows\x86_64\jansi.dll

dbghelp: loaded successfully - version: 4.0.5 - missing functions: none
symbol engine: initialized successfully - sym options: 0x614 - pdb path: .;C:\Program Files\Java\jdk-11.0.16\bin;C:\Windows\SYSTEM32;C:\Windows\WinSxS\amd64_microsoft.windows.common-controls_6595b64144ccf1df_6.0.19041.1110_none_60b5254171f9507e;C:\Program Files\Java\jdk-11.0.16\bin\server;C:\Users\sfjbs\Downloads\micro service-20221125T023524Z-001\micro service\apache-maven-3.8.5-bin\apache-maven-3.8.5\lib\jansi-native\Windows\x86_64

VM Arguments:
jvm_args: -Dclassworlds.conf=C:\Users\sfjbs\Downloads\micro service-20221125T023524Z-001\micro service\apache-maven-3.8.5-bin\apache-maven-3.8.5\bin\m2.conf -Dmaven.home=C:\Users\sfjbs\Downloads\micro service-20221125T023524Z-001\micro service\apache-maven-3.8.5-bin\apache-maven-3.8.5 -Dlibrary.jansi.path=C:\Users\sfjbs\Downloads\micro service-20221125T023524Z-001\micro service\apache-maven-3.8.5-bin\apache-maven-3.8.5\lib\jansi-native -Dmaven.multiModuleProjectDirectory=C:\Users\sfjbs\training\temp\day04\spring-boot-app 
java_command: org.codehaus.plexus.classworlds.launcher.Launcher install dockerfile:build
java_class_path (initial): C:\Users\sfjbs\Downloads\micro service-20221125T023524Z-001\micro service\apache-maven-3.8.5-bin\apache-maven-3.8.5\boot\plexus-classworlds-2.6.0.jar
Launcher Type: SUN_STANDARD

[Global flags]
     intx CICompilerCount                          = 2                                         {product} {ergonomic}
     uint ConcGCThreads                            = 1                                         {product} {ergonomic}
     uint G1ConcRefinementThreads                  = 2                                         {product} {ergonomic}
   size_t G1HeapRegionSize                         = 1048576                                   {product} {ergonomic}
    uintx GCDrainStackTargetSize                   = 64                                        {product} {ergonomic}
   size_t InitialHeapSize                          = 134217728                                 {product} {ergonomic}
   size_t MarkStackSize                            = 4194304                                   {product} {ergonomic}
   size_t MaxHeapSize                              = 2147483648                                {product} {ergonomic}
   size_t MaxNewSize                               = 1287651328                                {product} {ergonomic}
   size_t MinHeapDeltaBytes                        = 1048576                                   {product} {ergonomic}
    uintx NonNMethodCodeHeapSize                   = 5825164                                {pd product} {ergonomic}
    uintx NonProfiledCodeHeapSize                  = 122916538                              {pd product} {ergonomic}
    uintx ProfiledCodeHeapSize                     = 122916538                              {pd product} {ergonomic}
    uintx ReservedCodeCacheSize                    = 251658240                              {pd product} {ergonomic}
     bool SegmentedCodeCache                       = true                                      {product} {ergonomic}
     bool UseCompressedClassPointers               = true                                 {lp64_product} {ergonomic}
     bool UseCompressedOops                        = true                                 {lp64_product} {ergonomic}
     bool UseG1GC                                  = true                                      {product} {ergonomic}
     bool UseLargePagesIndividualAllocation        = false                                  {pd product} {ergonomic}

Logging:
Log output configuration:
 #0: stdout all=warning uptime,level,tags
 #1: stderr all=off uptime,level,tags

Environment Variables:
PATH=C:\Program Files\Common Files\Oracle\Java\javapath;C:\Windows\system32;C:\Windows;C:\Windows\System32\Wbem;C:\Windows\System32\WindowsPowerShell\v1.0\;C:\Windows\System32\OpenSSH\;C:\Users\sfjbs\Downloads\micro service-20221125T023524Z-001\micro service\apache-maven-3.8.5-bin\apache-maven-3.8.5\bin;C:\Users\sfjbs\Downloads\micro service-20221125T023524Z-001\micro service\apache-maven-3.8.5-bin\apache-maven-3.8.5\lib;C:\Program Files\Git\cmd;C:\Program Files\Docker\Docker\resources\bin;C:\ProgramData\DockerDesktop\version-bin;C:\Users\sfjbs\AppData\Local\Microsoft\WindowsApps;C:\Program Files\JetBrains\IntelliJ IDEA Community Edition 2022.2.1\bin;;C:\Users\sfjbs\Downloads\micro service-20221125T023524Z-001\micro service\apache-maven-3.8.5-bin\apache-maven-3.8.5\bin;C:\Users\sfjbs\Downloads\micro service-20221125T023524Z-001\micro service\apache-maven-3.8.5-bin\apache-maven-3.8.5\lib;
USERNAME=sfjbs
OS=Windows_NT
PROCESSOR_IDENTIFIER=Intel64 Family 6 Model 85 Stepping 7, GenuineIntel



---------------  S Y S T E M  ---------------

OS: Windows 10 , 64 bit Build 19041 (10.0.19041.2251)
Hyper-V role detected

CPU:total 2 (initial active 2) (1 cores per cpu, 2 threads per core) family 6 model 85 stepping 7 microcode 0xffffffff, cmov, cx8, fxsr, mmx, sse, sse2, sse3, ssse3, sse4.1, sse4.2, popcnt, avx, avx2, aes, clmul, erms, rtm, 3dnowpref, lzcnt, ht, tsc, bmi1, bmi2, adx, evex, fma

Memory: 4k page, system-wide physical 8190M (1176M free)
TotalPageFile size 10238M (AvailPageFile size 12M)
current process WorkingSet (physical memory assigned to process): 242M, peak: 242M
current process commit charge ("private bytes"): 301M, peak: 301M

vm_info: Java HotSpot(TM) 64-Bit Server VM (11.0.16+11-LTS-199) for windows-amd64 JRE (11.0.16+11-LTS-199), built on Jun 28 2022 08:23:17 by "mach5one" with MS VC++ 15.9 (VS2017)

END.
