#
# There is insufficient memory for the Java Runtime Environment to continue.
# Native memory allocation (mmap) failed to map 50331648 bytes for Failed to commit area from 0x0000000089a00000 to 0x000000008ca00000 of length 50331648.
# Possible reasons:
#   The system is out of physical RAM or swap space
#   The process is running with CompressedOops enabled, and the Java Heap may be blocking the growth of the native heap
# Possible solutions:
#   Reduce memory load on the system
#   Increase physical memory or swap space
#   Check if swap backing store is full
#   Decrease Java heap size (-Xmx/-Xms)
#   Decrease number of Java threads
#   Decrease Java thread stack sizes (-Xss)
#   Set larger code cache with -XX:ReservedCodeCacheSize=
#   JVM is running with Unscaled Compressed Oops mode in which the Java heap is
#     placed in the first 4GB address space. The Java Heap base address is the
#     maximum limit for the native heap growth. Please use -XX:HeapBaseMinAddress
#     to set the Java Heap base and to place the Java Heap above 4GB virtual address.
# This output file may be truncated or incomplete.
#
#  Out of Memory Error (./open/src/hotspot/os/windows/os_windows.cpp:3287), pid=112508, tid=65636
#
# JRE version: Java(TM) SE Runtime Environment 18.9 (11.0.16+11) (build 11.0.16+11-LTS-199)
# Java VM: Java HotSpot(TM) 64-Bit Server VM 18.9 (11.0.16+11-LTS-199, mixed mode, tiered, compressed oops, g1 gc, windows-amd64)
# No core dump will be written. Minidumps are not enabled by default on client versions of Windows
#

---------------  S U M M A R Y ------------

Command Line: -Dclassworlds.conf=C:\Users\sfjbs\Downloads\micro service-20221125T023524Z-001\micro service\apache-maven-3.8.5-bin\apache-maven-3.8.5\bin\m2.conf -Dmaven.home=C:\Users\sfjbs\Downloads\micro service-20221125T023524Z-001\micro service\apache-maven-3.8.5-bin\apache-maven-3.8.5 -Dlibrary.jansi.path=C:\Users\sfjbs\Downloads\micro service-20221125T023524Z-001\micro service\apache-maven-3.8.5-bin\apache-maven-3.8.5\lib\jansi-native -Dmaven.multiModuleProjectDirectory=C:\Users\sfjbs\training\javatraining\day06\student-microservice-security org.codehaus.plexus.classworlds.launcher.Launcher clean install

Host: Intel(R) Xeon(R) Platinum 8272CL CPU @ 2.60GHz, 2 cores, 7G,  Windows 10 , 64 bit Build 19041 (10.0.19041.2251)
Time: Thu Dec  8 16:35:07 2022 Coordinated Universal Time elapsed time: 21.233195 seconds (0d 0h 0m 21s)

---------------  T H R E A D  ---------------

Current thread (0x0000021fc67fd800):  VMThread "VM Thread" [stack: 0x000000be26f00000,0x000000be27000000] [id=65636]

Stack: [0x000000be26f00000,0x000000be27000000]
[error occurred during error reporting (printing stack bounds), id 0xc0000005, EXCEPTION_ACCESS_VIOLATION (0xc0000005) at pc=0x0000021fb04410e7]

Native frames: (J=compiled Java code, j=interpreted, Vv=VM code, C=native code)
V  [jvm.dll+0x62a3ea]
V  [jvm.dll+0x76418f]
V  [jvm.dll+0x765839]
V  [jvm.dll+0x765e25]
V  [jvm.dll+0x765ddb]
V  [jvm.dll+0x6298d3]
V  [jvm.dll+0x629fe8]
C  [ntdll.dll+0xa241f]
C  [ntdll.dll+0x514a4]
C  [ntdll.dll+0xa0f4e]
C  0x0000021fb04410e7

VM_Operation (0x000000be269f9240): G1CollectForAllocation, mode: safepoint, requested by thread 0x0000021fa8d87000


---------------  P R O C E S S  ---------------

Threads class SMR info:
_java_thread_list=0x0000021fc72ba1f0, length=10, elements={
0x0000021fa8d87000, 0x0000021fc6800800, 0x0000021fc680a000, 0x0000021fc681d800,
0x0000021fc681f800, 0x0000021fc6820800, 0x0000021fc6823000, 0x0000021fc6834800,
0x0000021fc683e000, 0x0000021fc7306000
}

Java Threads: ( => current thread )
  0x0000021fa8d87000 JavaThread "main" [_thread_blocked, id=102540, stack(0x000000be26900000,0x000000be26a00000)]
  0x0000021fc6800800 JavaThread "Reference Handler" daemon [_thread_blocked, id=111832, stack(0x000000be27000000,0x000000be27100000)]
  0x0000021fc680a000 JavaThread "Finalizer" daemon [_thread_blocked, id=114620, stack(0x000000be27100000,0x000000be27200000)]
  0x0000021fc681d800 JavaThread "Signal Dispatcher" daemon [_thread_blocked, id=114036, stack(0x000000be27200000,0x000000be27300000)]
  0x0000021fc681f800 JavaThread "Attach Listener" daemon [_thread_blocked, id=113020, stack(0x000000be27300000,0x000000be27400000)]
  0x0000021fc6820800 JavaThread "Service Thread" daemon [_thread_blocked, id=109796, stack(0x000000be27400000,0x000000be27500000)]
  0x0000021fc6823000 JavaThread "C2 CompilerThread0" daemon [_thread_in_native, id=112064, stack(0x000000be27500000,0x000000be27600000)]
  0x0000021fc6834800 JavaThread "C1 CompilerThread0" daemon [_thread_blocked, id=114664, stack(0x000000be27600000,0x000000be27700000)]
  0x0000021fc683e000 JavaThread "Sweeper thread" daemon [_thread_blocked, id=112524, stack(0x000000be27700000,0x000000be27800000)]
  0x0000021fc7306000 JavaThread "Common-Cleaner" daemon [_thread_blocked, id=57696, stack(0x000000be27900000,0x000000be27a00000)]

Other Threads:
=>0x0000021fc67fd800 VMThread "VM Thread" [stack: 0x000000be26f00000,0x000000be27000000] [id=65636]
  0x0000021fc72ff000 WatcherThread [stack: 0x000000be27800000,0x000000be27900000] [id=114284]
  0x0000021fa8d9b800 GCTaskThread "GC Thread#0" [stack: 0x000000be26a00000,0x000000be26b00000] [id=109652]
  0x0000021fc7723800 GCTaskThread "GC Thread#1" [stack: 0x000000be27a00000,0x000000be27b00000] [id=6488]
  0x0000021fa8dcc000 ConcurrentGCThread "G1 Main Marker" [stack: 0x000000be26b00000,0x000000be26c00000] [id=91324]
  0x0000021fa8dce800 ConcurrentGCThread "G1 Conc#0" [stack: 0x000000be26c00000,0x000000be26d00000] [id=109104]
  0x0000021fa8e56000 ConcurrentGCThread "G1 Refine#0" [stack: 0x000000be26d00000,0x000000be26e00000] [id=113320]
  0x0000021fca51c000 ConcurrentGCThread "G1 Refine#1" [stack: 0x000000be27b00000,0x000000be27c00000] [id=114588]
  0x0000021fa8e58000 ConcurrentGCThread "G1 Young RemSet Sampling" [stack: 0x000000be26e00000,0x000000be26f00000] [id=114500]

Threads with active compile tasks:
C2 CompilerThread0    21252 5762       4       org.apache.maven.model.inheritance.DefaultInheritanceAssembler$InheritanceModelMerger::mergePluginContainer_Plugins (430 bytes)

VM state:at safepoint (normal execution)

VM Mutex/Monitor currently owned by a thread:  ([mutex/lock_event])
[0x0000021fa8d81e80] Threads_lock - owner thread: 0x0000021fc67fd800
[0x0000021fa8d833e0] Heap_lock - owner thread: 0x0000021fa8d87000

Heap address: 0x0000000080000000, size: 2048 MB, Compressed Oops mode: 32-bit
Narrow klass base: 0x0000000000000000, Narrow klass shift: 3
Compressed class space size: 1073741824 Address: 0x0000000100000000

Heap:
 garbage-first heap   total 206848K, used 32256K [0x0000000080000000, 0x0000000100000000)
  region size 1024K, 2 young (2048K), 2 survivors (2048K)
 Metaspace       used 33132K, capacity 33763K, committed 33920K, reserved 1079296K
  class space    used 3458K, capacity 3701K, committed 3712K, reserved 1048576K
Heap Regions: E=young(eden), S=young(survivor), O=old, HS=humongous(starts), HC=humongous(continues), CS=collection set, F=free, A=archive, TAMS=top-at-mark-start (previous, next)
|   0|0x0000000080000000, 0x0000000080100000, 0x0000000080100000|100%| O|  |TAMS 0x0000000080100000, 0x0000000080000000| Untracked 
|   1|0x0000000080100000, 0x0000000080200000, 0x0000000080200000|100%| O|  |TAMS 0x0000000080200000, 0x0000000080100000| Untracked 
|   2|0x0000000080200000, 0x0000000080300000, 0x0000000080300000|100%| O|  |TAMS 0x0000000080300000, 0x0000000080200000| Untracked 
|   3|0x0000000080300000, 0x0000000080400000, 0x0000000080400000|100%| O|  |TAMS 0x0000000080400000, 0x0000000080300000| Untracked 
|   4|0x0000000080400000, 0x0000000080500000, 0x0000000080500000|100%| O|  |TAMS 0x0000000080500000, 0x0000000080400000| Untracked 
|   5|0x0000000080500000, 0x0000000080600000, 0x0000000080600000|100%| O|  |TAMS 0x0000000080600000, 0x0000000080500000| Untracked 
|   6|0x0000000080600000, 0x0000000080700000, 0x0000000080700000|100%| O|  |TAMS 0x0000000080700000, 0x0000000080600000| Untracked 
|   7|0x0000000080700000, 0x0000000080800000, 0x0000000080800000|100%| O|  |TAMS 0x0000000080800000, 0x0000000080700000| Untracked 
|   8|0x0000000080800000, 0x0000000080900000, 0x0000000080900000|100%| O|  |TAMS 0x0000000080900000, 0x0000000080800000| Untracked 
|   9|0x0000000080900000, 0x0000000080a00000, 0x0000000080a00000|100%| O|  |TAMS 0x0000000080a00000, 0x0000000080900000| Untracked 
|  10|0x0000000080a00000, 0x0000000080b00000, 0x0000000080b00000|100%| O|  |TAMS 0x0000000080af2e00, 0x0000000080a00000| Untracked 
|  11|0x0000000080b00000, 0x0000000080c00000, 0x0000000080c00000|100%|HS|  |TAMS 0x0000000080b00000, 0x0000000080b00000| Complete 
|  12|0x0000000080c00000, 0x0000000080d00000, 0x0000000080d00000|100%| O|  |TAMS 0x0000000080c00000, 0x0000000080c00000| Untracked 
|  13|0x0000000080d00000, 0x0000000080e00000, 0x0000000080e00000|100%| O|  |TAMS 0x0000000080d00000, 0x0000000080d00000| Untracked 
|  14|0x0000000080e00000, 0x0000000080f00000, 0x0000000080f00000|100%| O|  |TAMS 0x0000000080e00000, 0x0000000080e00000| Untracked 
|  15|0x0000000080f00000, 0x0000000081000000, 0x0000000081000000|100%| O|  |TAMS 0x0000000080f00000, 0x0000000080f00000| Untracked 
|  16|0x0000000081000000, 0x0000000081100000, 0x0000000081100000|100%| O|  |TAMS 0x0000000081000000, 0x0000000081000000| Untracked 
|  17|0x0000000081100000, 0x0000000081200000, 0x0000000081200000|100%| O|  |TAMS 0x0000000081100000, 0x0000000081100000| Untracked 
|  18|0x0000000081200000, 0x0000000081300000, 0x0000000081300000|100%| O|  |TAMS 0x0000000081200000, 0x0000000081200000| Untracked 
|  19|0x0000000081300000, 0x0000000081400000, 0x0000000081400000|100%| O|  |TAMS 0x0000000081300000, 0x0000000081300000| Untracked 
|  20|0x0000000081400000, 0x0000000081500000, 0x0000000081500000|100%| O|  |TAMS 0x0000000081400000, 0x0000000081400000| Untracked 
|  21|0x0000000081500000, 0x0000000081600000, 0x0000000081600000|100%| O|  |TAMS 0x0000000081500000, 0x0000000081500000| Untracked 
|  22|0x0000000081600000, 0x0000000081700000, 0x0000000081700000|100%| O|  |TAMS 0x0000000081600000, 0x0000000081600000| Untracked 
|  23|0x0000000081700000, 0x0000000081800000, 0x0000000081800000|100%| O|  |TAMS 0x0000000081700000, 0x0000000081700000| Untracked 
|  24|0x0000000081800000, 0x0000000081900000, 0x0000000081900000|100%| O|  |TAMS 0x0000000081800000, 0x0000000081800000| Untracked 
|  25|0x0000000081900000, 0x0000000081a00000, 0x0000000081a00000|100%| O|  |TAMS 0x0000000081900000, 0x0000000081900000| Untracked 
|  26|0x0000000081a00000, 0x0000000081b00000, 0x0000000081b00000|100%| O|  |TAMS 0x0000000081a00000, 0x0000000081a00000| Untracked 
|  27|0x0000000081b00000, 0x0000000081c00000, 0x0000000081c00000|100%| O|  |TAMS 0x0000000081b00000, 0x0000000081b00000| Untracked 
|  28|0x0000000081c00000, 0x0000000081d00000, 0x0000000081d00000|100%| O|  |TAMS 0x0000000081c00000, 0x0000000081c00000| Untracked 
|  29|0x0000000081d00000, 0x0000000081d80000, 0x0000000081e00000| 50%| O|  |TAMS 0x0000000081d00000, 0x0000000081d00000| Untracked 
|  30|0x0000000081e00000, 0x0000000081e00000, 0x0000000081f00000|  0%| F|  |TAMS 0x0000000081e00000, 0x0000000081e00000| Untracked 
|  31|0x0000000081f00000, 0x0000000081f00000, 0x0000000082000000|  0%| F|  |TAMS 0x0000000081f00000, 0x0000000081f00000| Untracked 
|  32|0x0000000082000000, 0x0000000082000000, 0x0000000082100000|  0%| F|  |TAMS 0x0000000082000000, 0x0000000082000000| Untracked 
|  33|0x0000000082100000, 0x0000000082100000, 0x0000000082200000|  0%| F|  |TAMS 0x0000000082100000, 0x0000000082100000| Untracked 
|  34|0x0000000082200000, 0x0000000082200000, 0x0000000082300000|  0%| F|  |TAMS 0x0000000082200000, 0x0000000082200000| Untracked 
|  35|0x0000000082300000, 0x0000000082300000, 0x0000000082400000|  0%| F|  |TAMS 0x0000000082300000, 0x0000000082300000| Untracked 
|  36|0x0000000082400000, 0x0000000082400000, 0x0000000082500000|  0%| F|  |TAMS 0x0000000082400000, 0x0000000082400000| Untracked 
|  37|0x0000000082500000, 0x0000000082500000, 0x0000000082600000|  0%| F|  |TAMS 0x0000000082500000, 0x0000000082500000| Untracked 
|  38|0x0000000082600000, 0x0000000082600000, 0x0000000082700000|  0%| F|  |TAMS 0x0000000082600000, 0x0000000082600000| Untracked 
|  39|0x0000000082700000, 0x0000000082700000, 0x0000000082800000|  0%| F|  |TAMS 0x0000000082700000, 0x0000000082700000| Untracked 
|  40|0x0000000082800000, 0x0000000082800000, 0x0000000082900000|  0%| F|  |TAMS 0x0000000082800000, 0x0000000082800000| Untracked 
|  41|0x0000000082900000, 0x0000000082900000, 0x0000000082a00000|  0%| F|  |TAMS 0x0000000082900000, 0x0000000082900000| Untracked 
|  42|0x0000000082a00000, 0x0000000082a00000, 0x0000000082b00000|  0%| F|  |TAMS 0x0000000082a00000, 0x0000000082a00000| Untracked 
|  43|0x0000000082b00000, 0x0000000082b00000, 0x0000000082c00000|  0%| F|  |TAMS 0x0000000082b00000, 0x0000000082b00000| Untracked 
|  44|0x0000000082c00000, 0x0000000082c00000, 0x0000000082d00000|  0%| F|  |TAMS 0x0000000082c00000, 0x0000000082c00000| Untracked 
|  45|0x0000000082d00000, 0x0000000082d00000, 0x0000000082e00000|  0%| F|  |TAMS 0x0000000082d00000, 0x0000000082d00000| Untracked 
|  46|0x0000000082e00000, 0x0000000082e00000, 0x0000000082f00000|  0%| F|  |TAMS 0x0000000082e00000, 0x0000000082e00000| Untracked 
|  47|0x0000000082f00000, 0x0000000082f00000, 0x0000000083000000|  0%| F|  |TAMS 0x0000000082f00000, 0x0000000082f00000| Untracked 
|  48|0x0000000083000000, 0x0000000083000000, 0x0000000083100000|  0%| F|  |TAMS 0x0000000083000000, 0x0000000083000000| Untracked 
|  49|0x0000000083100000, 0x0000000083100000, 0x0000000083200000|  0%| F|  |TAMS 0x0000000083100000, 0x0000000083100000| Untracked 
|  50|0x0000000083200000, 0x0000000083200000, 0x0000000083300000|  0%| F|  |TAMS 0x0000000083200000, 0x0000000083200000| Untracked 
|  51|0x0000000083300000, 0x0000000083300000, 0x0000000083400000|  0%| F|  |TAMS 0x0000000083300000, 0x0000000083300000| Untracked 
|  52|0x0000000083400000, 0x0000000083400000, 0x0000000083500000|  0%| F|  |TAMS 0x0000000083400000, 0x0000000083400000| Untracked 
|  53|0x0000000083500000, 0x0000000083500000, 0x0000000083600000|  0%| F|  |TAMS 0x0000000083500000, 0x0000000083500000| Untracked 
|  54|0x0000000083600000, 0x0000000083600000, 0x0000000083700000|  0%| F|  |TAMS 0x0000000083600000, 0x0000000083600000| Untracked 
|  55|0x0000000083700000, 0x0000000083700000, 0x0000000083800000|  0%| F|  |TAMS 0x0000000083700000, 0x0000000083700000| Untracked 
|  56|0x0000000083800000, 0x0000000083800000, 0x0000000083900000|  0%| F|  |TAMS 0x0000000083800000, 0x0000000083800000| Untracked 
|  57|0x0000000083900000, 0x0000000083900000, 0x0000000083a00000|  0%| F|  |TAMS 0x0000000083900000, 0x0000000083900000| Untracked 
|  58|0x0000000083a00000, 0x0000000083a00000, 0x0000000083b00000|  0%| F|  |TAMS 0x0000000083a00000, 0x0000000083a00000| Untracked 
|  59|0x0000000083b00000, 0x0000000083b00000, 0x0000000083c00000|  0%| F|  |TAMS 0x0000000083b00000, 0x0000000083b00000| Untracked 
|  60|0x0000000083c00000, 0x0000000083c00000, 0x0000000083d00000|  0%| F|  |TAMS 0x0000000083c00000, 0x0000000083c00000| Untracked 
|  61|0x0000000083d00000, 0x0000000083d00000, 0x0000000083e00000|  0%| F|  |TAMS 0x0000000083d00000, 0x0000000083d00000| Untracked 
|  62|0x0000000083e00000, 0x0000000083e00000, 0x0000000083f00000|  0%| F|  |TAMS 0x0000000083e00000, 0x0000000083e00000| Untracked 
|  63|0x0000000083f00000, 0x0000000083f00000, 0x0000000084000000|  0%| F|  |TAMS 0x0000000083f00000, 0x0000000083f00000| Untracked 
|  64|0x0000000084000000, 0x0000000084000000, 0x0000000084100000|  0%| F|  |TAMS 0x0000000084000000, 0x0000000084000000| Untracked 
|  65|0x0000000084100000, 0x0000000084100000, 0x0000000084200000|  0%| F|  |TAMS 0x0000000084100000, 0x0000000084100000| Untracked 
|  66|0x0000000084200000, 0x0000000084200000, 0x0000000084300000|  0%| F|  |TAMS 0x0000000084200000, 0x0000000084200000| Untracked 
|  67|0x0000000084300000, 0x0000000084300000, 0x0000000084400000|  0%| F|  |TAMS 0x0000000084300000, 0x0000000084300000| Untracked 
|  68|0x0000000084400000, 0x0000000084400000, 0x0000000084500000|  0%| F|  |TAMS 0x0000000084400000, 0x0000000084400000| Untracked 
|  69|0x0000000084500000, 0x0000000084500000, 0x0000000084600000|  0%| F|  |TAMS 0x0000000084500000, 0x0000000084500000| Untracked 
|  70|0x0000000084600000, 0x0000000084600000, 0x0000000084700000|  0%| F|  |TAMS 0x0000000084600000, 0x0000000084600000| Untracked 
|  71|0x0000000084700000, 0x0000000084700000, 0x0000000084800000|  0%| F|  |TAMS 0x0000000084700000, 0x0000000084700000| Untracked 
|  72|0x0000000084800000, 0x0000000084800000, 0x0000000084900000|  0%| F|  |TAMS 0x0000000084800000, 0x0000000084800000| Untracked 
|  73|0x0000000084900000, 0x0000000084900000, 0x0000000084a00000|  0%| F|  |TAMS 0x0000000084900000, 0x0000000084900000| Untracked 
|  74|0x0000000084a00000, 0x0000000084a00000, 0x0000000084b00000|  0%| F|  |TAMS 0x0000000084a00000, 0x0000000084a00000| Untracked 
|  75|0x0000000084b00000, 0x0000000084b00000, 0x0000000084c00000|  0%| F|  |TAMS 0x0000000084b00000, 0x0000000084b00000| Untracked 
|  76|0x0000000084c00000, 0x0000000084c00000, 0x0000000084d00000|  0%| F|  |TAMS 0x0000000084c00000, 0x0000000084c00000| Untracked 
|  77|0x0000000084d00000, 0x0000000084d00000, 0x0000000084e00000|  0%| F|  |TAMS 0x0000000084d00000, 0x0000000084d00000| Untracked 
|  78|0x0000000084e00000, 0x0000000084e00000, 0x0000000084f00000|  0%| F|  |TAMS 0x0000000084e00000, 0x0000000084e00000| Untracked 
|  79|0x0000000084f00000, 0x0000000084f00000, 0x0000000085000000|  0%| F|  |TAMS 0x0000000084f00000, 0x0000000084f00000| Untracked 
|  80|0x0000000085000000, 0x0000000085000000, 0x0000000085100000|  0%| F|  |TAMS 0x0000000085000000, 0x0000000085000000| Untracked 
|  81|0x0000000085100000, 0x0000000085100000, 0x0000000085200000|  0%| F|  |TAMS 0x0000000085100000, 0x0000000085100000| Untracked 
|  82|0x0000000085200000, 0x0000000085200000, 0x0000000085300000|  0%| F|  |TAMS 0x0000000085200000, 0x0000000085200000| Untracked 
|  83|0x0000000085300000, 0x0000000085300000, 0x0000000085400000|  0%| F|  |TAMS 0x0000000085300000, 0x0000000085300000| Untracked 
|  84|0x0000000085400000, 0x0000000085400000, 0x0000000085500000|  0%| F|  |TAMS 0x0000000085400000, 0x0000000085400000| Untracked 
|  85|0x0000000085500000, 0x0000000085500000, 0x0000000085600000|  0%| F|  |TAMS 0x0000000085500000, 0x0000000085500000| Untracked 
|  86|0x0000000085600000, 0x0000000085600000, 0x0000000085700000|  0%| F|  |TAMS 0x0000000085600000, 0x0000000085600000| Untracked 
|  87|0x0000000085700000, 0x0000000085700000, 0x0000000085800000|  0%| F|  |TAMS 0x0000000085700000, 0x0000000085700000| Untracked 
|  88|0x0000000085800000, 0x0000000085800000, 0x0000000085900000|  0%| F|  |TAMS 0x0000000085800000, 0x0000000085800000| Untracked 
|  89|0x0000000085900000, 0x0000000085900000, 0x0000000085a00000|  0%| F|  |TAMS 0x0000000085900000, 0x0000000085900000| Untracked 
|  90|0x0000000085a00000, 0x0000000085a00000, 0x0000000085b00000|  0%| F|  |TAMS 0x0000000085a00000, 0x0000000085a00000| Untracked 
|  91|0x0000000085b00000, 0x0000000085b00000, 0x0000000085c00000|  0%| F|  |TAMS 0x0000000085b00000, 0x0000000085b00000| Untracked 
|  92|0x0000000085c00000, 0x0000000085c00000, 0x0000000085d00000|  0%| F|  |TAMS 0x0000000085c00000, 0x0000000085c00000| Untracked 
|  93|0x0000000085d00000, 0x0000000085d00000, 0x0000000085e00000|  0%| F|  |TAMS 0x0000000085d00000, 0x0000000085d00000| Untracked 
|  94|0x0000000085e00000, 0x0000000085e00000, 0x0000000085f00000|  0%| F|  |TAMS 0x0000000085e00000, 0x0000000085e00000| Untracked 
|  95|0x0000000085f00000, 0x0000000085f00000, 0x0000000086000000|  0%| F|  |TAMS 0x0000000085f00000, 0x0000000085f00000| Untracked 
|  96|0x0000000086000000, 0x0000000086000000, 0x0000000086100000|  0%| F|  |TAMS 0x0000000086000000, 0x0000000086000000| Untracked 
|  97|0x0000000086100000, 0x0000000086100000, 0x0000000086200000|  0%| F|  |TAMS 0x0000000086100000, 0x0000000086100000| Untracked 
|  98|0x0000000086200000, 0x0000000086200000, 0x0000000086300000|  0%| F|  |TAMS 0x0000000086200000, 0x0000000086200000| Untracked 
|  99|0x0000000086300000, 0x0000000086300000, 0x0000000086400000|  0%| F|  |TAMS 0x0000000086300000, 0x0000000086300000| Untracked 
| 100|0x0000000086400000, 0x0000000086400000, 0x0000000086500000|  0%| F|  |TAMS 0x0000000086400000, 0x0000000086400000| Untracked 
| 101|0x0000000086500000, 0x0000000086500000, 0x0000000086600000|  0%| F|  |TAMS 0x0000000086500000, 0x0000000086500000| Untracked 
| 102|0x0000000086600000, 0x0000000086600000, 0x0000000086700000|  0%| F|  |TAMS 0x0000000086600000, 0x0000000086600000| Untracked 
| 103|0x0000000086700000, 0x0000000086700000, 0x0000000086800000|  0%| F|  |TAMS 0x0000000086700000, 0x0000000086700000| Untracked 
| 104|0x0000000086800000, 0x0000000086800000, 0x0000000086900000|  0%| F|  |TAMS 0x0000000086800000, 0x0000000086800000| Untracked 
| 105|0x0000000086900000, 0x0000000086900000, 0x0000000086a00000|  0%| F|  |TAMS 0x0000000086900000, 0x0000000086900000| Untracked 
| 106|0x0000000086a00000, 0x0000000086a00000, 0x0000000086b00000|  0%| F|  |TAMS 0x0000000086a00000, 0x0000000086a00000| Untracked 
| 107|0x0000000086b00000, 0x0000000086b00000, 0x0000000086c00000|  0%| F|  |TAMS 0x0000000086b00000, 0x0000000086b00000| Untracked 
| 108|0x0000000086c00000, 0x0000000086c00000, 0x0000000086d00000|  0%| F|  |TAMS 0x0000000086c00000, 0x0000000086c00000| Untracked 
| 109|0x0000000086d00000, 0x0000000086d00000, 0x0000000086e00000|  0%| F|  |TAMS 0x0000000086d00000, 0x0000000086d00000| Untracked 
| 110|0x0000000086e00000, 0x0000000086e00000, 0x0000000086f00000|  0%| F|  |TAMS 0x0000000086e00000, 0x0000000086e00000| Untracked 
| 111|0x0000000086f00000, 0x0000000086f00000, 0x0000000087000000|  0%| F|  |TAMS 0x0000000086f00000, 0x0000000086f00000| Untracked 
| 112|0x0000000087000000, 0x0000000087000000, 0x0000000087100000|  0%| F|  |TAMS 0x0000000087000000, 0x0000000087000000| Untracked 
| 113|0x0000000087100000, 0x0000000087100000, 0x0000000087200000|  0%| F|  |TAMS 0x0000000087100000, 0x0000000087100000| Untracked 
| 114|0x0000000087200000, 0x0000000087200000, 0x0000000087300000|  0%| F|  |TAMS 0x0000000087200000, 0x0000000087200000| Untracked 
| 115|0x0000000087300000, 0x0000000087300000, 0x0000000087400000|  0%| F|  |TAMS 0x0000000087300000, 0x0000000087300000| Untracked 
| 116|0x0000000087400000, 0x0000000087400000, 0x0000000087500000|  0%| F|  |TAMS 0x0000000087400000, 0x0000000087400000| Untracked 
| 117|0x0000000087500000, 0x0000000087500000, 0x0000000087600000|  0%| F|  |TAMS 0x0000000087500000, 0x0000000087500000| Untracked 
| 118|0x0000000087600000, 0x0000000087600000, 0x0000000087700000|  0%| F|  |TAMS 0x0000000087600000, 0x0000000087600000| Untracked 
| 119|0x0000000087700000, 0x0000000087700000, 0x0000000087800000|  0%| F|  |TAMS 0x0000000087700000, 0x0000000087700000| Untracked 
| 120|0x0000000087800000, 0x0000000087800000, 0x0000000087900000|  0%| F|  |TAMS 0x0000000087800000, 0x0000000087800000| Untracked 
| 121|0x0000000087900000, 0x0000000087900000, 0x0000000087a00000|  0%| F|  |TAMS 0x0000000087900000, 0x0000000087900000| Untracked 
| 122|0x0000000087a00000, 0x0000000087a00000, 0x0000000087b00000|  0%| F|  |TAMS 0x0000000087a00000, 0x0000000087a00000| Untracked 
| 123|0x0000000087b00000, 0x0000000087b00000, 0x0000000087c00000|  0%| F|  |TAMS 0x0000000087b00000, 0x0000000087b00000| Untracked 
| 124|0x0000000087c00000, 0x0000000087c00000, 0x0000000087d00000|  0%| F|  |TAMS 0x0000000087c00000, 0x0000000087c00000| Untracked 
| 125|0x0000000087d00000, 0x0000000087d00000, 0x0000000087e00000|  0%| F|  |TAMS 0x0000000087d00000, 0x0000000087d00000| Untracked 
| 126|0x0000000087e00000, 0x0000000087e00000, 0x0000000087f00000|  0%| F|  |TAMS 0x0000000087e00000, 0x0000000087e00000| Untracked 
| 127|0x0000000087f00000, 0x0000000087f00000, 0x0000000088000000|  0%| F|  |TAMS 0x0000000087f00000, 0x0000000087f00000| Untracked 
| 128|0x0000000088000000, 0x0000000088100000, 0x0000000088100000|100%| S|CS|TAMS 0x0000000088000000, 0x0000000088000000| Complete 
| 129|0x0000000088100000, 0x0000000088200000, 0x0000000088200000|100%| S|CS|TAMS 0x0000000088100000, 0x0000000088100000| Complete 
| 130|0x0000000088200000, 0x0000000088200000, 0x0000000088300000|  0%| F|  |TAMS 0x0000000088200000, 0x0000000088200000| Untracked 
| 131|0x0000000088300000, 0x0000000088300000, 0x0000000088400000|  0%| F|  |TAMS 0x0000000088300000, 0x0000000088300000| Untracked 
| 132|0x0000000088400000, 0x0000000088400000, 0x0000000088500000|  0%| F|  |TAMS 0x0000000088400000, 0x0000000088400000| Untracked 
| 133|0x0000000088500000, 0x0000000088500000, 0x0000000088600000|  0%| F|  |TAMS 0x0000000088500000, 0x0000000088500000| Untracked 
| 134|0x0000000088600000, 0x0000000088600000, 0x0000000088700000|  0%| F|  |TAMS 0x0000000088600000, 0x0000000088600000| Untracked 
| 135|0x0000000088700000, 0x0000000088700000, 0x0000000088800000|  0%| F|  |TAMS 0x0000000088700000, 0x0000000088700000| Untracked 
| 136|0x0000000088800000, 0x0000000088800000, 0x0000000088900000|  0%| F|  |TAMS 0x0000000088800000, 0x0000000088800000| Untracked 
| 137|0x0000000088900000, 0x0000000088900000, 0x0000000088a00000|  0%| F|  |TAMS 0x0000000088900000, 0x0000000088900000| Untracked 
| 138|0x0000000088a00000, 0x0000000088a00000, 0x0000000088b00000|  0%| F|  |TAMS 0x0000000088a00000, 0x0000000088a00000| Untracked 
| 139|0x0000000088b00000, 0x0000000088b00000, 0x0000000088c00000|  0%| F|  |TAMS 0x0000000088b00000, 0x0000000088b00000| Untracked 
| 140|0x0000000088c00000, 0x0000000088c00000, 0x0000000088d00000|  0%| F|  |TAMS 0x0000000088c00000, 0x0000000088c00000| Untracked 
| 141|0x0000000088d00000, 0x0000000088d00000, 0x0000000088e00000|  0%| F|  |TAMS 0x0000000088d00000, 0x0000000088d00000| Untracked 
| 142|0x0000000088e00000, 0x0000000088e00000, 0x0000000088f00000|  0%| F|  |TAMS 0x0000000088e00000, 0x0000000088e00000| Untracked 
| 143|0x0000000088f00000, 0x0000000088f00000, 0x0000000089000000|  0%| F|  |TAMS 0x0000000088f00000, 0x0000000088f00000| Untracked 
| 144|0x0000000089000000, 0x0000000089000000, 0x0000000089100000|  0%| F|  |TAMS 0x0000000089000000, 0x0000000089000000| Untracked 
| 145|0x0000000089100000, 0x0000000089100000, 0x0000000089200000|  0%| F|  |TAMS 0x0000000089100000, 0x0000000089100000| Untracked 
| 146|0x0000000089200000, 0x0000000089200000, 0x0000000089300000|  0%| F|  |TAMS 0x0000000089200000, 0x0000000089200000| Untracked 
| 147|0x0000000089300000, 0x0000000089300000, 0x0000000089400000|  0%| F|  |TAMS 0x0000000089300000, 0x0000000089300000| Untracked 
| 148|0x0000000089400000, 0x0000000089400000, 0x0000000089500000|  0%| F|  |TAMS 0x0000000089400000, 0x0000000089400000| Untracked 
| 149|0x0000000089500000, 0x0000000089500000, 0x0000000089600000|  0%| F|  |TAMS 0x0000000089500000, 0x0000000089500000| Untracked 
| 150|0x0000000089600000, 0x0000000089600000, 0x0000000089700000|  0%| F|  |TAMS 0x0000000089600000, 0x0000000089600000| Untracked 
| 151|0x0000000089700000, 0x0000000089700000, 0x0000000089800000|  0%| F|  |TAMS 0x0000000089700000, 0x0000000089700000| Untracked 
| 152|0x0000000089800000, 0x0000000089800000, 0x0000000089900000|  0%| F|  |TAMS 0x0000000089800000, 0x0000000089800000| Untracked 
| 153|0x0000000089900000, 0x0000000089900000, 0x0000000089a00000|  0%| F|  |TAMS 0x0000000089900000, 0x0000000089900000| Untracked 

Card table byte_map: [0x0000021fbfc40000,0x0000021fc0040000] _byte_map_base: 0x0000021fbf840000

Marking Bits (Prev, Next): (CMBitMap*) 0x0000021fa8dc3550, (CMBitMap*) 0x0000021fa8dc3518
 Prev Bits: [0x0000021fc2440000, 0x0000021fc4440000)
 Next Bits: [0x0000021fc0440000, 0x0000021fc2440000)

Polling page: 0x0000021fa7440000

Metaspace:

Usage:
  Non-class:     29.36 MB capacity,    28.98 MB ( 99%) used,   328.59 KB (  1%) free+waste,    59.19 KB ( <1%) overhead. 
      Class:      3.61 MB capacity,     3.38 MB ( 93%) used,   217.54 KB (  6%) free+waste,    25.19 KB ( <1%) overhead. 
       Both:     32.97 MB capacity,    32.36 MB ( 98%) used,   546.13 KB (  2%) free+waste,    84.38 KB ( <1%) overhead. 

Virtual space:
  Non-class space:       30.00 MB reserved,      29.50 MB ( 98%) committed 
      Class space:        1.00 GB reserved,       3.63 MB ( <1%) committed 
             Both:        1.03 GB reserved,      33.13 MB (  3%) committed 

Chunk freelists:
   Non-Class:  2.25 KB
       Class:  1.38 KB
        Both:  3.63 KB

CodeHeap 'non-profiled nmethods': size=120064Kb used=3213Kb max_used=3213Kb free=116850Kb
 bounds [0x0000021fb7f00000, 0x0000021fb8230000, 0x0000021fbf440000]
CodeHeap 'profiled nmethods': size=120000Kb used=13539Kb max_used=13539Kb free=106460Kb
 bounds [0x0000021fb09d0000, 0x0000021fb1710000, 0x0000021fb7f00000]
CodeHeap 'non-nmethods': size=5696Kb used=1149Kb max_used=1199Kb free=4546Kb
 bounds [0x0000021fb0440000, 0x0000021fb06b0000, 0x0000021fb09d0000]
 total_blobs=6238 nmethods=5768 adapters=381
 compilation: enabled
              stopped_count=0, restarted_count=0
 full_count=0

Compilation events (10 events):
Event: 21.053 Thread 0x0000021fc6834800 5775       3       java.lang.String$CaseInsensitiveComparator::compare (13 bytes)
Event: 21.053 Thread 0x0000021fc6834800 nmethod 5775 0x0000021fb1705f90 code [0x0000021fb1706140, 0x0000021fb1706448]
Event: 21.054 Thread 0x0000021fc6834800 5776       3       java.lang.String$CaseInsensitiveComparator::compare (68 bytes)
Event: 21.054 Thread 0x0000021fc6834800 nmethod 5776 0x0000021fb1706510 code [0x0000021fb1706720, 0x0000021fb1706cf8]
Event: 21.057 Thread 0x0000021fc6834800 5777       3       org.eclipse.sisu.wire.ElementAnalyzer::visit (140 bytes)
Event: 21.058 Thread 0x0000021fc6834800 nmethod 5777 0x0000021fb1706f10 code [0x0000021fb1707160, 0x0000021fb1707cc8]
Event: 21.059 Thread 0x0000021fc6834800 5778       3       com.google.inject.internal.ProviderInstanceBindingImpl::withScoping (25 bytes)
Event: 21.060 Thread 0x0000021fc6834800 nmethod 5778 0x0000021fb1708010 code [0x0000021fb17081e0, 0x0000021fb17087c8]
Event: 21.094 Thread 0x0000021fc6834800 5779       3       java.lang.Exception::<init> (7 bytes)
Event: 21.095 Thread 0x0000021fc6834800 nmethod 5779 0x0000021fb1708990 code [0x0000021fb1708b40, 0x0000021fb1708c68]

GC Heap History (10 events):
Event: 4.872 GC heap after
{Heap after GC invocations=5 (full 0):
 garbage-first heap   total 131072K, used 7160K [0x0000000080000000, 0x0000000100000000)
  region size 1024K, 5 young (5120K), 5 survivors (5120K)
 Metaspace       used 19748K, capacity 20065K, committed 20224K, reserved 1067008K
  class space    used 2117K, capacity 2245K, committed 2304K, reserved 1048576K
}
Event: 7.367 GC heap before
{Heap before GC invocations=5 (full 0):
 garbage-first heap   total 131072K, used 49144K [0x0000000080000000, 0x0000000100000000)
  region size 1024K, 46 young (47104K), 5 survivors (5120K)
 Metaspace       used 20620K, capacity 20882K, committed 20992K, reserved 1069056K
  class space    used 2161K, capacity 2282K, committed 2304K, reserved 1048576K
}
Event: 7.395 GC heap after
{Heap after GC invocations=6 (full 0):
 garbage-first heap   total 157696K, used 10955K [0x0000000080000000, 0x0000000100000000)
  region size 1024K, 4 young (4096K), 4 survivors (4096K)
 Metaspace       used 20620K, capacity 20882K, committed 20992K, reserved 1069056K
  class space    used 2161K, capacity 2282K, committed 2304K, reserved 1048576K
}
Event: 8.813 GC heap before
{Heap before GC invocations=6 (full 0):
 garbage-first heap   total 157696K, used 34507K [0x0000000080000000, 0x0000000100000000)
  region size 1024K, 28 young (28672K), 4 survivors (4096K)
 Metaspace       used 20905K, capacity 21213K, committed 21248K, reserved 1069056K
  class space    used 2163K, capacity 2285K, committed 2304K, reserved 1048576K
}
Event: 8.844 GC heap after
{Heap after GC invocations=7 (full 0):
 garbage-first heap   total 157696K, used 14683K [0x0000000080000000, 0x0000000100000000)
  region size 1024K, 4 young (4096K), 4 survivors (4096K)
 Metaspace       used 20905K, capacity 21213K, committed 21248K, reserved 1069056K
  class space    used 2163K, capacity 2285K, committed 2304K, reserved 1048576K
}
Event: 12.465 GC heap before
{Heap before GC invocations=8 (full 0):
 garbage-first heap   total 157696K, used 62811K [0x0000000080000000, 0x0000000100000000)
  region size 1024K, 51 young (52224K), 4 survivors (4096K)
 Metaspace       used 24730K, capacity 25149K, committed 25344K, reserved 1071104K
  class space    used 2565K, capacity 2729K, committed 2816K, reserved 1048576K
}
Event: 12.494 GC heap after
{Heap after GC invocations=9 (full 0):
 garbage-first heap   total 157696K, used 17252K [0x0000000080000000, 0x0000000100000000)
  region size 1024K, 6 young (6144K), 6 survivors (6144K)
 Metaspace       used 24730K, capacity 25149K, committed 25344K, reserved 1071104K
  class space    used 2565K, capacity 2729K, committed 2816K, reserved 1048576K
}
Event: 19.396 GC heap before
{Heap before GC invocations=9 (full 0):
 garbage-first heap   total 157696K, used 103268K [0x0000000080000000, 0x0000000100000000)
  region size 1024K, 90 young (92160K), 6 survivors (6144K)
 Metaspace       used 32439K, capacity 33091K, committed 33408K, reserved 1079296K
  class space    used 3411K, capacity 3631K, committed 3712K, reserved 1048576K
}
Event: 19.525 GC heap after
{Heap after GC invocations=10 (full 0):
 garbage-first heap   total 157696K, used 35767K [0x0000000080000000, 0x0000000100000000)
  region size 1024K, 12 young (12288K), 12 survivors (12288K)
 Metaspace       used 32439K, capacity 33091K, committed 33408K, reserved 1079296K
  class space    used 3411K, capacity 3631K, committed 3712K, reserved 1048576K
}
Event: 21.101 GC heap before
{Heap before GC invocations=10 (full 0):
 garbage-first heap   total 157696K, used 60343K [0x0000000080000000, 0x0000000100000000)
  region size 1024K, 36 young (36864K), 12 survivors (12288K)
 Metaspace       used 33132K, capacity 33763K, committed 33920K, reserved 1079296K
  class space    used 3458K, capacity 3701K, committed 3712K, reserved 1048576K
}

Deoptimization events (10 events):
Event: 19.017 Thread 0x0000021fa8d87000 Uncommon trap: reason=bimorphic_or_optimized_type_check action=maybe_recompile pc=0x0000021fb818bd64 method=com.sun.tools.javac.file.BaseFileManager.getKind(Ljava/nio/file/Path;)Ljavax/tools/JavaFileObject$Kind; @ 1 c2
Event: 19.017 Thread 0x0000021fa8d87000 Uncommon trap: reason=bimorphic_or_optimized_type_check action=maybe_recompile pc=0x0000021fb818bd64 method=com.sun.tools.javac.file.BaseFileManager.getKind(Ljava/nio/file/Path;)Ljavax/tools/JavaFileObject$Kind; @ 1 c2
Event: 19.226 Thread 0x0000021fa8d87000 Uncommon trap: reason=unstable_if action=reinterpret pc=0x0000021fb8193b9c method=com.sun.tools.javac.jvm.ClassReader.sigToType()Lcom/sun/tools/javac/code/Type; @ 10 c2
Event: 19.326 Thread 0x0000021fa8d87000 Uncommon trap: reason=unstable_if action=reinterpret pc=0x0000021fb81d5c4c method=sun.nio.ch.IOUtil.readIntoNativeBuffer(Ljava/io/FileDescriptor;Ljava/nio/ByteBuffer;JZILsun/nio/ch/NativeDispatcher;)I @ 141 c2
Event: 19.326 Thread 0x0000021fa8d87000 Uncommon trap: reason=unstable_if action=reinterpret pc=0x0000021fb81d8c04 method=sun.nio.ch.FileChannelImpl.read(Ljava/nio/ByteBuffer;)I @ 174 c2
Event: 19.377 Thread 0x0000021fa8d87000 Uncommon trap: reason=unstable_if action=reinterpret pc=0x0000021fb817dfcc method=com.sun.tools.javac.jvm.ClassReader.readPool(I)Ljava/lang/Object; @ 36 c2
Event: 19.925 Thread 0x0000021fa8d87000 Uncommon trap: reason=unstable_if action=reinterpret pc=0x0000021fb81fe74c method=com.sun.tools.javac.code.Scope$ScopeImpl.lookup(Lcom/sun/tools/javac/util/Name;Lcom/sun/tools/javac/util/Filter;)Lcom/sun/tools/javac/code/Scope$Entry; @ 19 c2
Event: 20.992 Thread 0x0000021fa8d87000 Uncommon trap: reason=unstable_fused_if action=reinterpret pc=0x0000021fb821b4b4 method=java.util.regex.Pattern.sequence(Ljava/util/regex/Pattern$Node;)Ljava/util/regex/Pattern$Node; @ 15 c2
Event: 20.992 Thread 0x0000021fa8d87000 Uncommon trap: reason=unstable_if action=reinterpret pc=0x0000021fb81e75d8 method=java.util.regex.Pattern.closure(Ljava/util/regex/Pattern$Node;)Ljava/util/regex/Pattern$Node; @ 6 c2
Event: 20.992 Thread 0x0000021fa8d87000 Uncommon trap: reason=unstable_if action=reinterpret pc=0x0000021fb8186388 method=java.util.regex.Pattern.compile()V @ 340 c2

Classes redefined (0 events):
No events

Internal exceptions (10 events):
Event: 19.924 Thread 0x0000021fa8d87000 Exception <a 'sun/nio/fs/WindowsException'{0x00000000898b29d8}> (0x00000000898b29d8) thrown at [./open/src/hotspot/share/prims/jni.cpp, line 611]
Event: 19.924 Thread 0x0000021fa8d87000 Exception <a 'sun/nio/fs/WindowsException'{0x00000000898b2e78}> (0x00000000898b2e78) thrown at [./open/src/hotspot/share/prims/jni.cpp, line 611]
Event: 19.983 Thread 0x0000021fa8d87000 Exception <a 'sun/nio/fs/WindowsException'{0x0000000089779d60}> (0x0000000089779d60) thrown at [./open/src/hotspot/share/prims/jni.cpp, line 611]
Event: 19.983 Thread 0x0000021fa8d87000 Exception <a 'sun/nio/fs/WindowsException'{0x000000008977a4f0}> (0x000000008977a4f0) thrown at [./open/src/hotspot/share/prims/jni.cpp, line 611]
Event: 19.983 Thread 0x0000021fa8d87000 Exception <a 'sun/nio/fs/WindowsException'{0x000000008977aab0}> (0x000000008977aab0) thrown at [./open/src/hotspot/share/prims/jni.cpp, line 611]
Event: 19.983 Thread 0x0000021fa8d87000 Exception <a 'sun/nio/fs/WindowsException'{0x000000008977b228}> (0x000000008977b228) thrown at [./open/src/hotspot/share/prims/jni.cpp, line 611]
Event: 19.983 Thread 0x0000021fa8d87000 Exception <a 'sun/nio/fs/WindowsException'{0x000000008977b5d0}> (0x000000008977b5d0) thrown at [./open/src/hotspot/share/prims/jni.cpp, line 611]
Event: 19.983 Thread 0x0000021fa8d87000 Exception <a 'sun/nio/fs/WindowsException'{0x000000008977c2b0}> (0x000000008977c2b0) thrown at [./open/src/hotspot/share/prims/jni.cpp, line 611]
Event: 19.983 Thread 0x0000021fa8d87000 Exception <a 'sun/nio/fs/WindowsException'{0x000000008977c628}> (0x000000008977c628) thrown at [./open/src/hotspot/share/prims/jni.cpp, line 611]
Event: 19.983 Thread 0x0000021fa8d87000 Exception <a 'sun/nio/fs/WindowsException'{0x000000008977d300}> (0x000000008977d300) thrown at [./open/src/hotspot/share/prims/jni.cpp, line 611]

Events (10 events):
Event: 21.100 loading class org/sonatype/plexus/components/cipher/DefaultPlexusCipher done
Event: 21.100 loading class org/codehaus/plexus/logging/AbstractLogEnabled
Event: 21.100 loading class org/codehaus/plexus/logging/AbstractLogEnabled done
Event: 21.100 loading class org/codehaus/plexus/logging/AbstractLogEnabled
Event: 21.100 loading class org/codehaus/plexus/logging/AbstractLogEnabled done
Event: 21.101 loading class org/sonatype/plexus/components/cipher/PlexusCipherException
Event: 21.101 loading class org/sonatype/plexus/components/cipher/PlexusCipherException done
Event: 21.101 loading class org/sonatype/plexus/components/cipher/PlexusCipherException
Event: 21.101 loading class org/sonatype/plexus/components/cipher/PlexusCipherException done
Event: 21.101 Executing VM operation: G1CollectForAllocation


Dynamic libraries:
0x00007ff6651c0000 - 0x00007ff6651cf000 	C:\Program Files\Java\jdk-11.0.16\bin\java.exe
0x00007ff83da50000 - 0x00007ff83dc48000 	C:\Windows\SYSTEM32\ntdll.dll
0x00007ff83d490000 - 0x00007ff83d54f000 	C:\Windows\System32\KERNEL32.DLL
0x00007ff83b410000 - 0x00007ff83b6e2000 	C:\Windows\System32\KERNELBASE.dll
0x00007ff83b7a0000 - 0x00007ff83b8a0000 	C:\Windows\System32\ucrtbase.dll
0x00007ff811590000 - 0x00007ff8115a8000 	C:\Program Files\Java\jdk-11.0.16\bin\jli.dll
0x00007ff83c000000 - 0x00007ff83c0ae000 	C:\Windows\System32\ADVAPI32.dll
0x00007ff83c3d0000 - 0x00007ff83c46e000 	C:\Windows\System32\msvcrt.dll
0x00007ff83c470000 - 0x00007ff83c50c000 	C:\Windows\System32\sechost.dll
0x00007ff83d2d0000 - 0x00007ff83d3f5000 	C:\Windows\System32\RPCRT4.dll
0x00007ff83d550000 - 0x00007ff83d6ed000 	C:\Windows\System32\USER32.dll
0x00007ff83b180000 - 0x00007ff83b1a2000 	C:\Windows\System32\win32u.dll
0x00007ff83cf20000 - 0x00007ff83cf4b000 	C:\Windows\System32\GDI32.dll
0x00007ff83b8a0000 - 0x00007ff83b9af000 	C:\Windows\System32\gdi32full.dll
0x00007ff83ba00000 - 0x00007ff83ba9d000 	C:\Windows\System32\msvcp_win.dll
0x00007ff816370000 - 0x00007ff816385000 	C:\Program Files\Java\jdk-11.0.16\bin\VCRUNTIME140.dll
0x00007ff81d060000 - 0x00007ff81d2fa000 	C:\Windows\WinSxS\amd64_microsoft.windows.common-controls_6595b64144ccf1df_6.0.19041.1110_none_60b5254171f9507e\COMCTL32.dll
0x00007ff833420000 - 0x00007ff83342a000 	C:\Windows\SYSTEM32\VERSION.dll
0x00007ff83d970000 - 0x00007ff83d9a2000 	C:\Windows\System32\IMM32.DLL
0x00007ff806740000 - 0x00007ff8067db000 	C:\Program Files\Java\jdk-11.0.16\bin\msvcp140.dll
0x00007fffcc8d0000 - 0x00007fffcd3e8000 	C:\Program Files\Java\jdk-11.0.16\bin\server\jvm.dll
0x00007ff83c0b0000 - 0x00007ff83c0b8000 	C:\Windows\System32\PSAPI.DLL
0x00007ff821560000 - 0x00007ff821569000 	C:\Windows\SYSTEM32\WSOCK32.dll
0x00007ff83d6f0000 - 0x00007ff83d75b000 	C:\Windows\System32\WS2_32.dll
0x00007ff817f00000 - 0x00007ff817f27000 	C:\Windows\SYSTEM32\WINMM.dll
0x00007ff838ff0000 - 0x00007ff839002000 	C:\Windows\SYSTEM32\kernel.appcore.dll
0x00007ff817030000 - 0x00007ff817040000 	C:\Program Files\Java\jdk-11.0.16\bin\verify.dll
0x00007ff829b00000 - 0x00007ff829ce4000 	C:\Windows\SYSTEM32\DBGHELP.DLL
0x00007ff82a330000 - 0x00007ff82a35c000 	C:\Windows\SYSTEM32\dbgcore.DLL
0x00007ff83b380000 - 0x00007ff83b402000 	C:\Windows\System32\bcryptPrimitives.dll
0x00007ff810990000 - 0x00007ff8109b8000 	C:\Program Files\Java\jdk-11.0.16\bin\java.dll
0x00007ff815e20000 - 0x00007ff815e2a000 	C:\Program Files\Java\jdk-11.0.16\bin\jimage.dll
0x00007ff810690000 - 0x00007ff8106a6000 	C:\Program Files\Java\jdk-11.0.16\bin\zip.dll
0x00007ff83c6b0000 - 0x00007ff83cdf3000 	C:\Windows\System32\SHELL32.dll
0x00007ff8391f0000 - 0x00007ff839982000 	C:\Windows\SYSTEM32\windows.storage.dll
0x00007ff83cf70000 - 0x00007ff83d2c4000 	C:\Windows\System32\combase.dll
0x00007ff83a9f0000 - 0x00007ff83aa20000 	C:\Windows\SYSTEM32\Wldp.dll
0x00007ff83c590000 - 0x00007ff83c63d000 	C:\Windows\System32\SHCORE.dll
0x00007ff83c650000 - 0x00007ff83c6a5000 	C:\Windows\System32\shlwapi.dll
0x00007ff83b090000 - 0x00007ff83b0af000 	C:\Windows\SYSTEM32\profapi.dll
0x00007ff80e050000 - 0x00007ff80e069000 	C:\Program Files\Java\jdk-11.0.16\bin\net.dll
0x00007ff832a90000 - 0x00007ff832b9c000 	C:\Windows\SYSTEM32\WINHTTP.dll
0x00007ff83a7d0000 - 0x00007ff83a83a000 	C:\Windows\system32\mswsock.dll
0x00007ff80e030000 - 0x00007ff80e042000 	C:\Program Files\Java\jdk-11.0.16\bin\nio.dll
0x0000000069ac0000 - 0x0000000069ae4000 	C:\Users\sfjbs\Downloads\micro service-20221125T023524Z-001\micro service\apache-maven-3.8.5-bin\apache-maven-3.8.5\lib\jansi-native\Windows\x86_64\jansi.dll

dbghelp: loaded successfully - version: 4.0.5 - missing functions: none
symbol engine: initialized successfully - sym options: 0x614 - pdb path: .;C:\Program Files\Java\jdk-11.0.16\bin;C:\Windows\SYSTEM32;C:\Windows\WinSxS\amd64_microsoft.windows.common-controls_6595b64144ccf1df_6.0.19041.1110_none_60b5254171f9507e;C:\Program Files\Java\jdk-11.0.16\bin\server;C:\Users\sfjbs\Downloads\micro service-20221125T023524Z-001\micro service\apache-maven-3.8.5-bin\apache-maven-3.8.5\lib\jansi-native\Windows\x86_64

VM Arguments:
jvm_args: -Dclassworlds.conf=C:\Users\sfjbs\Downloads\micro service-20221125T023524Z-001\micro service\apache-maven-3.8.5-bin\apache-maven-3.8.5\bin\m2.conf -Dmaven.home=C:\Users\sfjbs\Downloads\micro service-20221125T023524Z-001\micro service\apache-maven-3.8.5-bin\apache-maven-3.8.5 -Dlibrary.jansi.path=C:\Users\sfjbs\Downloads\micro service-20221125T023524Z-001\micro service\apache-maven-3.8.5-bin\apache-maven-3.8.5\lib\jansi-native -Dmaven.multiModuleProjectDirectory=C:\Users\sfjbs\training\javatraining\day06\student-microservice-security 
java_command: org.codehaus.plexus.classworlds.launcher.Launcher clean install
java_class_path (initial): C:\Users\sfjbs\Downloads\micro service-20221125T023524Z-001\micro service\apache-maven-3.8.5-bin\apache-maven-3.8.5\boot\plexus-classworlds-2.6.0.jar
Launcher Type: SUN_STANDARD

[Global flags]
     intx CICompilerCount                          = 2                                         {product} {ergonomic}
     uint ConcGCThreads                            = 1                                         {product} {ergonomic}
     uint G1ConcRefinementThreads                  = 2                                         {product} {ergonomic}
   size_t G1HeapRegionSize                         = 1048576                                   {product} {ergonomic}
    uintx GCDrainStackTargetSize                   = 64                                        {product} {ergonomic}
   size_t InitialHeapSize                          = 134217728                                 {product} {ergonomic}
   size_t MarkStackSize                            = 4194304                                   {product} {ergonomic}
   size_t MaxHeapSize                              = 2147483648                                {product} {ergonomic}
   size_t MaxNewSize                               = 1287651328                                {product} {ergonomic}
   size_t MinHeapDeltaBytes                        = 1048576                                   {product} {ergonomic}
    uintx NonNMethodCodeHeapSize                   = 5825164                                {pd product} {ergonomic}
    uintx NonProfiledCodeHeapSize                  = 122916538                              {pd product} {ergonomic}
    uintx ProfiledCodeHeapSize                     = 122916538                              {pd product} {ergonomic}
    uintx ReservedCodeCacheSize                    = 251658240                              {pd product} {ergonomic}
     bool SegmentedCodeCache                       = true                                      {product} {ergonomic}
     bool UseCompressedClassPointers               = true                                 {lp64_product} {ergonomic}
     bool UseCompressedOops                        = true                                 {lp64_product} {ergonomic}
     bool UseG1GC                                  = true                                      {product} {ergonomic}
     bool UseLargePagesIndividualAllocation        = false                                  {pd product} {ergonomic}

Logging:
Log output configuration:
 #0: stdout all=warning uptime,level,tags
 #1: stderr all=off uptime,level,tags

Environment Variables:
PATH=C:\Program Files\Common Files\Oracle\Java\javapath;C:\Windows\system32;C:\Windows;C:\Windows\System32\Wbem;C:\Windows\System32\WindowsPowerShell\v1.0\;C:\Windows\System32\OpenSSH\;C:\Users\sfjbs\Downloads\micro service-20221125T023524Z-001\micro service\apache-maven-3.8.5-bin\apache-maven-3.8.5\bin;C:\Users\sfjbs\Downloads\micro service-20221125T023524Z-001\micro service\apache-maven-3.8.5-bin\apache-maven-3.8.5\lib;C:\Program Files\Git\cmd;C:\Program Files\Docker\Docker\resources\bin;C:\ProgramData\DockerDesktop\version-bin;C:\Users\sfjbs\AppData\Local\Microsoft\WindowsApps;C:\Program Files\JetBrains\IntelliJ IDEA Community Edition 2022.2.1\bin;;C:\Users\sfjbs\Downloads\micro service-20221125T023524Z-001\micro service\apache-maven-3.8.5-bin\apache-maven-3.8.5\bin;C:\Users\sfjbs\Downloads\micro service-20221125T023524Z-001\micro service\apache-maven-3.8.5-bin\apache-maven-3.8.5\lib;
USERNAME=sfjbs
OS=Windows_NT
PROCESSOR_IDENTIFIER=Intel64 Family 6 Model 85 Stepping 7, GenuineIntel



---------------  S Y S T E M  ---------------

OS: Windows 10 , 64 bit Build 19041 (10.0.19041.2251)
Hyper-V role detected

CPU:total 2 (initial active 2) (1 cores per cpu, 2 threads per core) family 6 model 85 stepping 7 microcode 0xffffffff, cmov, cx8, fxsr, mmx, sse, sse2, sse3, ssse3, sse4.1, sse4.2, popcnt, avx, avx2, aes, clmul, erms, rtm, 3dnowpref, lzcnt, ht, tsc, bmi1, bmi2, adx, evex, fma

Memory: 4k page, system-wide physical 8190M (599M free)
TotalPageFile size 10238M (AvailPageFile size 31M)
current process WorkingSet (physical memory assigned to process): 255M, peak: 255M
current process commit charge ("private bytes"): 301M, peak: 348M

vm_info: Java HotSpot(TM) 64-Bit Server VM (11.0.16+11-LTS-199) for windows-amd64 JRE (11.0.16+11-LTS-199), built on Jun 28 2022 08:23:17 by "mach5one" with MS VC++ 15.9 (VS2017)

END.
